RCSTM8 COMPILER V2.26.09.317,  MAIN               02/16/10  16:40:07

QCW(0x009638A0)

RCSTM8 COMPILER V2.26.09.317, COMPILATION OF MODULE MAIN      
OBJECT MODULE PLACED IN Debug\main.o
COMPILER INVOKED BY: OBJECT(Debug\main.o) PIN(C:\Program Files\Raisonance\Ride\inc\ST7) PIN(C:\Program Files\Raisonance\Ride\inc) WRV(0) STM8(SMALL) DEBUG DGC(page0) AUTO OT(0) PR(Debug\main.lst) CD CO SB LAOB PIN(..\..\includes) PIN(..\..\..\..\libraries\stm8s_stdperiph_driver\inc) 

stmt level    source
   1          /**
   2            ******************************************************************************
   3            * @file Hyperterminal\main.c
   4            * @brief This file contains the main function for interface Hyperterminal with STM8S UART2.
   5            * @author STMicroelectronics - MCD Application Team
   6            * @version V1.0.0
   7            * @date 15/10/2009
   8            ******************************************************************************
   9            *
  10            * THE PRESENT FIRMWARE WHICH IS FOR GUIDANCE ONLY AIMS AT PROVIDING CUSTOMERS
  11            * WITH CODING INFORMATION REGARDING THEIR PRODUCTS IN ORDER FOR THEM TO SAVE
  12            * TIME. AS A RESULT, STMICROELECTRONICS SHALL NOT BE HELD LIABLE FOR ANY
  13            * DIRECT, INDIRECT OR CONSEQUENTIAL DAMAGES WITH RESPECT TO ANY CLAIMS ARISING
  14            * FROM THE CONTENT OF SUCH FIRMWARE AND/OR THE USE MADE BY CUSTOMERS OF THE
  15            * CODING INFORMATION CONTAINED HEREIN IN CONNECTION WITH THEIR PRODUCTS.
  16            *
  17            * <h2><center>&copy; COPYRIGHT 2009 STMicroelectronics</center></h2>
  18            * @image html logo.bmp
  19            ******************************************************************************
  20            */
  21          
  22          /* Includes ------------------------------------------------------------------*/
  23          #include "stm8s.h"
  24          #include "hyperterminal.h"
  25          
  26          /* Private typedef -----------------------------------------------------------*/
  27          /* Private define ------------------------------------------------------------*/
  28          /* Private macro -------------------------------------------------------------*/
  29          /* Private variables ---------------------------------------------------------*/
  30          /* Private function prototypes -----------------------------------------------*/
  31          /* Private functions ---------------------------------------------------------*/
  32          u32 LSIMeasurment(void); // function used for beeper calibration 
  33          
  34          /**
  35            * @brief Validation firmware main entry point.
  36            * @par Parameters:
  37            * None
  38            * @retval 
  39            * None
  40            */
  41          void main(void)
  42          {
  43   1      	  TIM3_DeInit();
  44   1          /* Time base configuration */ 
  45   1      		TIM3_TimeBaseInit(TIM3_PRESCALER_1,0xFFFF);
  46   1      		TIM3_ITConfig(TIM3_IT_UPDATE, ENABLE);
  47   1      
  48   1          /* Enable general interrupts */
  49   1          enableInterrupts();
  50   1      
  51   1      	  /* Set GPIO for LED LD1 (PD0)  */
  52   1      		GPIO_Init(GPIOD, 0x01 , GPIO_MODE_OUT_PP_LOW_FAST);
  53   1      		
  54   1          /*High speed internal clock prescaler: 1*/
  55   1          CLK_HSIPrescalerConfig(CLK_PRESCALER_HSIDIV1);
  56   1      
  57   1      		/* UART2 configuration 
  58   1      		------------------------------------------------------*/
  59   1          /* UART2 configured as follow:
  60   1            		- BaudRate = 9600 baud  
  61   1                - Word Length = 8 Bits
  62   1                - One Stop Bit
  63   1                - Odd parity
  64   1                - Receive and transmit enabled
  65   1                - UART2 Clock disabled
  66   1          */
  67   1      		UART2_DeInit();
  68   1          UART2_Init((u32)9600, UART2_WORDLENGTH_8D, UART2_STOPBITS_1, UART2_PARITY_ODD, UART2_SYNCMODE_CLOCK_DISABLE, UART2_MODE_TXRX_ENABLE);
  69   1      		
  70   1      		 /* BEEP calibration */
  71   1          BEEP_LSICalibrationConfig(LSIMeasurment());		
  72   1      		
  73   1      		/*Main loop*/
  74   1          while (1){
  75   2      			Main_Menu();
  76   2      	}
  77   1      }
  78          
  79          
  80          u32 LSIMeasurment(void)
  81          {
  82   1      
  83   1        u32 lsi_freq_hz = 0x0;
  84   1        u32 fmaster = 0x0;
  85   1        u16 ICValue1 = 0x0;
  86   1        u16 ICValue2 = 0x0;
  87   1      
  88   1        /* Get master frequency */
  89   1        fmaster = CLK_GetClockFreq();
  90   1      
  91   1        /* Enable the LSI measurement: LSI clock connected to timer Input Capture 1 */
  92   1        AWU->CSR |= AWU_CSR_MSR;
  93   1      
  94   1      #if defined (STM8S903) || defined (STM8S103)
       1        /* Measure the LSI frequency with TIMER Input Capture 1 */
       1        
       1        /* Capture only every 8 events!!! */
       1        /* Enable capture of TI1 */
       1      	TIM1_ICInit(TIM1_CHANNEL_1, TIM1_ICPOLARITY_RISING, TIM1_ICSELECTION_DIRECTTI, TIM1_ICPSC_DIV8, 0);
       1      	
       1        /* Enable TIM1 */
       1        TIM1_Cmd(ENABLE);
       1        
       1        /* wait a capture on cc1 */
       1        while((TIM1->SR1 & TIM1_FLAG_CC1) != TIM1_FLAG_CC1);
       1        /* Get CCR1 value*/
       1        ICValue1 = TIM1_GetCapture1();
       1        TIM1_ClearFlag(TIM1_FLAG_CC1);
       1        
       1        /* wait a capture on cc1 */
       1        while((TIM1->SR1 & TIM1_FLAG_CC1) != TIM1_FLAG_CC1);
       1        /* Get CCR1 value*/
       1        ICValue2 = TIM1_GetCapture1();
       1        TIM1_ClearFlag(TIM1_FLAG_CC1);
       1        
       1        /* Disable IC1 input capture */
       1        TIM1->CCER1 &= (u8)(~TIM1_CCER1_CC1E);
       1        /* Disable timer2 */
       1        TIM1_Cmd(DISABLE);
       1        
       1      #else  
 122   1        /* Measure the LSI frequency with TIMER Input Capture 1 */
 123   1        
 124   1        /* Capture only every 8 events!!! */
 125   1        /* Enable capture of TI1 */
 126   1        TIM3_ICInit(TIM3_CHANNEL_1, TIM3_ICPOLARITY_RISING, TIM3_ICSELECTION_DIRECTTI, TIM3_ICPSC_DIV8, 0);
 127   1      
 128   1        /* Enable TIM3 */
 129   1        TIM3_Cmd(ENABLE);
 130   1      
 131   1      	/* wait a capture on cc1 */
 132   1        while ((TIM3->SR1 & TIM3_FLAG_CC1) != TIM3_FLAG_CC1);
 133   1      	/* Get CCR1 value*/
 134   1        ICValue1 = TIM3_GetCapture1();
 135   1        TIM3_ClearFlag(TIM3_FLAG_CC1);
 136   1      
 137   1        /* wait a capture on cc1 */
 138   1        while ((TIM3->SR1 & TIM3_FLAG_CC1) != TIM3_FLAG_CC1);
 139   1          /* Get CCR1 value*/
 140   1        ICValue2 = TIM3_GetCapture1();
 141   1      	TIM3_ClearFlag(TIM3_FLAG_CC1);
 142   1      
 143   1        /* Disable IC1 input capture */
 144   1        TIM3->CCER1 &= (u8)(~TIM3_CCER1_CC1E);
 145   1        /* Disable timer3 */
 146   1        TIM3_Cmd(DISABLE);
 147   1      #endif
 148   1      
 149   1        /* Compute LSI clock frequency */
 150   1        lsi_freq_hz = (8 * fmaster) / (ICValue2 - ICValue1);
 151   1        
 152   1        /* Disable the LSI measurement: LSI clock disconnected from timer Input Capture 1 */
 153   1        AWU->CSR &= (u8)(~AWU_CSR_MSR);
 154   1      
 155   1       return (lsi_freq_hz);
 156   1      }
 157          
 158          
 159          /******************* (C) COPYRIGHT 2009 STMicroelectronics *****END OF FILE****/
 160          
RCSTM8 COMPILER V2.26.09.317
ASSEMBLY LISTING OF GENERATED OBJECT CODE

              ; FUNCTION main (BEGIN)
              ; SOURCE LINE # 43 
0000 CD0000     F                      CALL   ?TIM3_DeInit
              ; SOURCE LINE # 45 
0003 AEFFFF                            LDW    X,#0FFFFH
0006 89                                PUSHW  X
0007 AE0000                            LDW    X,#00000H
000A CD0000     F                      CALL   ?TIM3_TimeBaseInit
000D 85                                POPW   X
              ; SOURCE LINE # 46 
000E AE0001                            LDW    X,#00001H
0011 89                                PUSHW  X
0012 AE0001                            LDW    X,#00001H
0015 CD0000     F                      CALL   ?TIM3_ITConfig
0018 85                                POPW   X
              ; SOURCE LINE # 49 
0019 9A                                RIM    
              ; SOURCE LINE # 52 
001A AE00E0                            LDW    X,#000E0H
001D 89                                PUSHW  X
001E AE0001                            LDW    X,#00001H
0021 89                                PUSHW  X
0022 AE500F                            LDW    X,#0500FH
0025 CD0000     F                      CALL   ?GPIO_Init
0028 5B04                              ADD    SP,#004H
              ; SOURCE LINE # 55 
002A AE0000                            LDW    X,#00000H
002D CD0000     F                      CALL   ?CLK_HSIPrescalerConfig
              ; SOURCE LINE # 67 
0030 CD0000     F                      CALL   ?UART2_DeInit
              ; SOURCE LINE # 68 
0033 AE000C                            LDW    X,#0000CH
0036 89                                PUSHW  X
0037 AE0080                            LDW    X,#00080H
003A 89                                PUSHW  X
003B AE0006                            LDW    X,#00006H
003E 89                                PUSHW  X
003F AE0000                            LDW    X,#00000H
0042 89                                PUSHW  X
0043 AE0000                            LDW    X,#00000H
0046 89                                PUSHW  X
0047 AE2580                            LDW    X,#02580H
004A 89                                PUSHW  X
004B 5F                                CLRW   X
004C 89                                PUSHW  X
004D CD0000     F                      CALL   ?UART2_Init
0050 5B0E                              ADD    SP,#00EH
              ; SOURCE LINE # 71 
0052 CD0000     F                      CALL   ?LSIMeasurment
0055 CD0000     F DNF                  CALL   ?C?mv4_bc2sk
0058 CD0000     F                      CALL   ?BEEP_LSICalibrationConfig
005B 5B04                              ADD    SP,#004H
005D         ?WHILE_0001:
              ; SOURCE LINE # 75 
005D CD0000     F                      CALL   ?Main_Menu
0060 20FB                              JRA    ?WHILE_0001
0062         ?NXT_0001:

0062         ?EPILOG_0000:
0062 81                                RET    

              ; FUNCTION main (END)

              ; FUNCTION ?LSIMeasurment (BEGIN)
              ; SOURCE LINE # 80 
0000 520C                              SUB    SP,#00CH
              ; SOURCE LINE # 83 
0002 5F                                CLRW   X
0003 1F01       F                      LDW    (001H,SP),X   ; [ lsi_freq_hz ]
0005 1F03       F                      LDW    (003H,SP),X   ; [ lsi_freq_hz + 02H ]
              ; SOURCE LINE # 84 
0007 5F                                CLRW   X
0008 1F05       F                      LDW    (005H,SP),X   ; [ fmaster ]
000A 1F07       F                      LDW    (007H,SP),X   ; [ fmaster + 02H ]
              ; SOURCE LINE # 85 
000C AE0000                            LDW    X,#00000H
000F 1F09       F                      LDW    (009H,SP),X   ; [ ICValue1 ]
              ; SOURCE LINE # 86 
0011 AE0000                            LDW    X,#00000H
0014 1F0B       F                      LDW    (00BH,SP),X   ; [ ICValue2 ]
              ; SOURCE LINE # 89 
0016 CD0000     F                      CALL   ?CLK_GetClockFreq
0019 A604       F                      LD     A,#004H
001B CD0000     F                      CALL   ?C?mv4_bc2isa
              ; SOURCE LINE # 92 
001E A601                              LD     A,#001H
0020 CA50F0                            OR     A,050F0H
0023 B703       F                      LD     ?BH,A
0025 55000350F0 F                      MOV    050F0H,?BH
              ; SOURCE LINE # 126 
002A 4B00                              PUSH   #000H
002C AE000C                            LDW    X,#0000CH
002F 89                                PUSHW  X
0030 AE0001                            LDW    X,#00001H
0033 89                                PUSHW  X
0034 AE0000                            LDW    X,#00000H
0037 89                                PUSHW  X
0038 AE0000                            LDW    X,#00000H
003B CD0000     F                      CALL   ?TIM3_ICInit
003E 5B07                              ADD    SP,#007H
              ; SOURCE LINE # 129 
0040 AE0001                            LDW    X,#00001H
0043 CD0000     F                      CALL   ?TIM3_Cmd
0046         ?WHILE_0004:
              ; SOURCE LINE # 132 
0046 A602                              LD     A,#002H
0048 C45322                            AND    A,05322H
004B 88                                PUSH   A
004C A602                              LD     A,#002H
004E 9097                              LD     YL,A
0050 320003     F                      POP    ?BH
0053 909F                              LD     A,YL
0055 B103       F                      CP     A,?BH
0057 26ED                              JRNE   ?WHILE_0004
              ; SOURCE LINE # 134 
0059 CD0000     F                      CALL   ?TIM3_GetCapture1
005C 1F09       F                      LDW    (009H,SP),X   ; [ ICValue1 ]
              ; SOURCE LINE # 135 
005E AE0002                            LDW    X,#00002H
0061 CD0000     F                      CALL   ?TIM3_ClearFlag
0064         ?WHILE_0005:
              ; SOURCE LINE # 138 
0064 A602                              LD     A,#002H
0066 C45322                            AND    A,05322H
0069 88                                PUSH   A
006A A602                              LD     A,#002H
006C 9097                              LD     YL,A
006E 320003     F                      POP    ?BH
0071 909F                              LD     A,YL
0073 B103       F                      CP     A,?BH
0075 26ED                              JRNE   ?WHILE_0005
              ; SOURCE LINE # 140 
0077 CD0000     F                      CALL   ?TIM3_GetCapture1
007A 1F0B       F                      LDW    (00BH,SP),X   ; [ ICValue2 ]
              ; SOURCE LINE # 141 
007C AE0002                            LDW    X,#00002H
007F CD0000     F                      CALL   ?TIM3_ClearFlag
              ; SOURCE LINE # 144 
0082 A6FE                              LD     A,#0FEH
0084 C45327                            AND    A,05327H
0087 B703       F                      LD     ?BH,A
0089 5500035327 F                      MOV    05327H,?BH
              ; SOURCE LINE # 146 
008E AE0000                            LDW    X,#00000H
0091 CD0000     F                      CALL   ?TIM3_Cmd
              ; SOURCE LINE # 150 
0094 1E0B       F                      LDW    X,(00BH,SP)   ; [ ICValue2 ]
0096 72F009     F                      SUBW   X,(009H,SP)   ; [ ICValue1 ]
0099 BF05       F                      LDW    ?CH,X
009B 5F                                CLRW   X
009C BF03       F                      LDW    ?BH,X
009E CD0000     F DNF                  CALL   ?C?mv4_bc2sk
00A1 A608       F                      LD     A,#008H
00A3 CD0000     F DNF                  CALL   ?C?mv4_isa2bc
00A6 A603                              LD     A,#003H
00A8 CD0000     F                      CALL   ?C?sll328
00AB CD0000     F DNF                  CALL   ?C?divu3232
00AE 4F                                CLR    A
00AF CD0000     F                      CALL   ?C?mv4_bc2isa
              ; SOURCE LINE # 153 
00B2 A6FE                              LD     A,#0FEH
00B4 C450F0                            AND    A,050F0H
00B7 B703       F                      LD     ?BH,A
00B9 55000350F0 F                      MOV    050F0H,?BH
              ; SOURCE LINE # 155 
00BE 4F                                CLR    A
00BF CD0000     F DNF                  CALL   ?C?mv4_isa2bc
00C2         ?EPILOG_0001:
00C2 5B0C                              ADD    SP,#00CH
00C4 81                                RET    
              ; lsi_freq_hz  unsigned long  (size=4-Alg). Automatic variable  in AUTO
              ; fmaster      unsigned long  (size=4-Alg). Automatic variable  in AUTO
              ; ICValue1     unsigned short  (size=2-Alg). Automatic variable  in AUTO
              ; ICValue2     unsigned short  (size=2-Alg). Automatic variable  in AUTO

              ; FUNCTION ?LSIMeasurment (END)

RCSTM8 COMPILER V2.26.09.317
NAME                                    CLASS   MSPACE  TYPE    OFFSET  SIZE
====                                    =====   ======  ====    ======  ====

FALSE. . . . . . . . . . . . . . . . . E_CONST  ----- INT      -------  2
TRUE . . . . . . . . . . . . . . . . . E_CONST  ----- INT      -------  2
RESET. . . . . . . . . . . . . . . . . E_CONST  ----- INT      -------  2
SET. . . . . . . . . . . . . . . . . . E_CONST  ----- INT      -------  2
DISABLE. . . . . . . . . . . . . . . . E_CONST  ----- INT      -------  2
ENABLE . . . . . . . . . . . . . . . . E_CONST  ----- INT      -------  2
ERROR. . . . . . . . . . . . . . . . . E_CONST  ----- INT      -------  2
SUCCESS. . . . . . . . . . . . . . . . E_CONST  ----- INT      -------  2
GPIO_struct. . . . . . . . . . . . . . * TAG *  ----- STRUCT  -------     5
  ODR. . . . . . . . . . . . . . . . .  MEMBER  -----   U_CHAR  000000H     1
  IDR. . . . . . . . . . . . . . . . .  MEMBER  -----   U_CHAR  000001H     1
  DDR. . . . . . . . . . . . . . . . .  MEMBER  -----   U_CHAR  000002H     1
  CR1. . . . . . . . . . . . . . . . .  MEMBER  -----   U_CHAR  000003H     1
  CR2. . . . . . . . . . . . . . . . .  MEMBER  -----   U_CHAR  000004H     1
ADC1_struct. . . . . . . . . . . . . . * TAG *  ----- STRUCT  -------    48
  DB0RH. . . . . . . . . . . . . . . .  MEMBER  -----   U_CHAR  000000H     1
  DB0RL. . . . . . . . . . . . . . . .  MEMBER  -----   U_CHAR  000001H     1
  DB1RH. . . . . . . . . . . . . . . .  MEMBER  -----   U_CHAR  000002H     1
  DB1RL. . . . . . . . . . . . . . . .  MEMBER  -----   U_CHAR  000003H     1
  DB2RH. . . . . . . . . . . . . . . .  MEMBER  -----   U_CHAR  000004H     1
  DB2RL. . . . . . . . . . . . . . . .  MEMBER  -----   U_CHAR  000005H     1
  DB3RH. . . . . . . . . . . . . . . .  MEMBER  -----   U_CHAR  000006H     1
  DB3RL. . . . . . . . . . . . . . . .  MEMBER  -----   U_CHAR  000007H     1
  DB4RH. . . . . . . . . . . . . . . .  MEMBER  -----   U_CHAR  000008H     1
  DB4RL. . . . . . . . . . . . . . . .  MEMBER  -----   U_CHAR  000009H     1
  DB5RH. . . . . . . . . . . . . . . .  MEMBER  -----   U_CHAR  00000AH     1
  DB5RL. . . . . . . . . . . . . . . .  MEMBER  -----   U_CHAR  00000BH     1
  DB6RH. . . . . . . . . . . . . . . .  MEMBER  -----   U_CHAR  00000CH     1
  DB6RL. . . . . . . . . . . . . . . .  MEMBER  -----   U_CHAR  00000DH     1
  DB7RH. . . . . . . . . . . . . . . .  MEMBER  -----   U_CHAR  00000EH     1
  DB7RL. . . . . . . . . . . . . . . .  MEMBER  -----   U_CHAR  00000FH     1
  DB8RH. . . . . . . . . . . . . . . .  MEMBER  -----   U_CHAR  000010H     1
  DB8RL. . . . . . . . . . . . . . . .  MEMBER  -----   U_CHAR  000011H     1
  DB9RH. . . . . . . . . . . . . . . .  MEMBER  -----   U_CHAR  000012H     1
  DB9RL. . . . . . . . . . . . . . . .  MEMBER  -----   U_CHAR  000013H     1
  RESERVED . . . . . . . . . . . . . .  MEMBER  -----   ARRAY   000014H    12
  CSR. . . . . . . . . . . . . . . . .  MEMBER  -----   U_CHAR  000020H     1
  CR1. . . . . . . . . . . . . . . . .  MEMBER  -----   U_CHAR  000021H     1
  CR2. . . . . . . . . . . . . . . . .  MEMBER  -----   U_CHAR  000022H     1
  CR3. . . . . . . . . . . . . . . . .  MEMBER  -----   U_CHAR  000023H     1
  DRH. . . . . . . . . . . . . . . . .  MEMBER  -----   U_CHAR  000024H     1
  DRL. . . . . . . . . . . . . . . . .  MEMBER  -----   U_CHAR  000025H     1
  TDRH . . . . . . . . . . . . . . . .  MEMBER  -----   U_CHAR  000026H     1
  TDRL . . . . . . . . . . . . . . . .  MEMBER  -----   U_CHAR  000027H     1
  HTRH . . . . . . . . . . . . . . . .  MEMBER  -----   U_CHAR  000028H     1
  HTRL . . . . . . . . . . . . . . . .  MEMBER  -----   U_CHAR  000029H     1
  LTRH . . . . . . . . . . . . . . . .  MEMBER  -----   U_CHAR  00002AH     1
  LTRL . . . . . . . . . . . . . . . .  MEMBER  -----   U_CHAR  00002BH     1
  AWSRH. . . . . . . . . . . . . . . .  MEMBER  -----   U_CHAR  00002CH     1
  AWSRL. . . . . . . . . . . . . . . .  MEMBER  -----   U_CHAR  00002DH     1
  AWCRH. . . . . . . . . . . . . . . .  MEMBER  -----   U_CHAR  00002EH     1
  AWCRL. . . . . . . . . . . . . . . .  MEMBER  -----   U_CHAR  00002FH     1
AWU_struct . . . . . . . . . . . . . . * TAG *  ----- STRUCT  -------     3
  CSR. . . . . . . . . . . . . . . . .  MEMBER  -----   U_CHAR  000000H     1
  APR. . . . . . . . . . . . . . . . .  MEMBER  -----   U_CHAR  000001H     1
  TBR. . . . . . . . . . . . . . . . .  MEMBER  -----   U_CHAR  000002H     1
BEEP_struct. . . . . . . . . . . . . . * TAG *  ----- STRUCT  -------     1
  CSR. . . . . . . . . . . . . . . . .  MEMBER  -----   U_CHAR  000000H     1
CLK_struct . . . . . . . . . . . . . . * TAG *  ----- STRUCT  -------    14
  ICKR . . . . . . . . . . . . . . . .  MEMBER  -----   U_CHAR  000000H     1
  ECKR . . . . . . . . . . . . . . . .  MEMBER  -----   U_CHAR  000001H     1
  RESERVED . . . . . . . . . . . . . .  MEMBER  -----   U_CHAR  000002H     1
  CMSR . . . . . . . . . . . . . . . .  MEMBER  -----   U_CHAR  000003H     1
  SWR. . . . . . . . . . . . . . . . .  MEMBER  -----   U_CHAR  000004H     1
  SWCR . . . . . . . . . . . . . . . .  MEMBER  -----   U_CHAR  000005H     1
  CKDIVR . . . . . . . . . . . . . . .  MEMBER  -----   U_CHAR  000006H     1
  PCKENR1. . . . . . . . . . . . . . .  MEMBER  -----   U_CHAR  000007H     1
  CSSR . . . . . . . . . . . . . . . .  MEMBER  -----   U_CHAR  000008H     1
  CCOR . . . . . . . . . . . . . . . .  MEMBER  -----   U_CHAR  000009H     1
  PCKENR2. . . . . . . . . . . . . . .  MEMBER  -----   U_CHAR  00000AH     1
  CANCCR . . . . . . . . . . . . . . .  MEMBER  -----   U_CHAR  00000BH     1
  HSITRIMR . . . . . . . . . . . . . .  MEMBER  -----   U_CHAR  00000CH     1
  SWIMCCR. . . . . . . . . . . . . . .  MEMBER  -----   U_CHAR  00000DH     1
TIM1_struct. . . . . . . . . . . . . . * TAG *  ----- STRUCT  -------    32
  CR1. . . . . . . . . . . . . . . . .  MEMBER  -----   U_CHAR  000000H     1
  CR2. . . . . . . . . . . . . . . . .  MEMBER  -----   U_CHAR  000001H     1
  SMCR . . . . . . . . . . . . . . . .  MEMBER  -----   U_CHAR  000002H     1
  ETR. . . . . . . . . . . . . . . . .  MEMBER  -----   U_CHAR  000003H     1
  IER. . . . . . . . . . . . . . . . .  MEMBER  -----   U_CHAR  000004H     1
  SR1. . . . . . . . . . . . . . . . .  MEMBER  -----   U_CHAR  000005H     1
  SR2. . . . . . . . . . . . . . . . .  MEMBER  -----   U_CHAR  000006H     1
  EGR. . . . . . . . . . . . . . . . .  MEMBER  -----   U_CHAR  000007H     1
  CCMR1. . . . . . . . . . . . . . . .  MEMBER  -----   U_CHAR  000008H     1
  CCMR2. . . . . . . . . . . . . . . .  MEMBER  -----   U_CHAR  000009H     1
  CCMR3. . . . . . . . . . . . . . . .  MEMBER  -----   U_CHAR  00000AH     1
  CCMR4. . . . . . . . . . . . . . . .  MEMBER  -----   U_CHAR  00000BH     1
  CCER1. . . . . . . . . . . . . . . .  MEMBER  -----   U_CHAR  00000CH     1
  CCER2. . . . . . . . . . . . . . . .  MEMBER  -----   U_CHAR  00000DH     1
  CNTRH. . . . . . . . . . . . . . . .  MEMBER  -----   U_CHAR  00000EH     1
  CNTRL. . . . . . . . . . . . . . . .  MEMBER  -----   U_CHAR  00000FH     1
  PSCRH. . . . . . . . . . . . . . . .  MEMBER  -----   U_CHAR  000010H     1
  PSCRL. . . . . . . . . . . . . . . .  MEMBER  -----   U_CHAR  000011H     1
  ARRH . . . . . . . . . . . . . . . .  MEMBER  -----   U_CHAR  000012H     1
  ARRL . . . . . . . . . . . . . . . .  MEMBER  -----   U_CHAR  000013H     1
  RCR. . . . . . . . . . . . . . . . .  MEMBER  -----   U_CHAR  000014H     1
  CCR1H. . . . . . . . . . . . . . . .  MEMBER  -----   U_CHAR  000015H     1
  CCR1L. . . . . . . . . . . . . . . .  MEMBER  -----   U_CHAR  000016H     1
  CCR2H. . . . . . . . . . . . . . . .  MEMBER  -----   U_CHAR  000017H     1
  CCR2L. . . . . . . . . . . . . . . .  MEMBER  -----   U_CHAR  000018H     1
  CCR3H. . . . . . . . . . . . . . . .  MEMBER  -----   U_CHAR  000019H     1
  CCR3L. . . . . . . . . . . . . . . .  MEMBER  -----   U_CHAR  00001AH     1
  CCR4H. . . . . . . . . . . . . . . .  MEMBER  -----   U_CHAR  00001BH     1
  CCR4L. . . . . . . . . . . . . . . .  MEMBER  -----   U_CHAR  00001CH     1
  BKR. . . . . . . . . . . . . . . . .  MEMBER  -----   U_CHAR  00001DH     1
  DTR. . . . . . . . . . . . . . . . .  MEMBER  -----   U_CHAR  00001EH     1
  OISR . . . . . . . . . . . . . . . .  MEMBER  -----   U_CHAR  00001FH     1
TIM2_struct. . . . . . . . . . . . . . * TAG *  ----- STRUCT  -------    21
  CR1. . . . . . . . . . . . . . . . .  MEMBER  -----   U_CHAR  000000H     1
  IER. . . . . . . . . . . . . . . . .  MEMBER  -----   U_CHAR  000001H     1
  SR1. . . . . . . . . . . . . . . . .  MEMBER  -----   U_CHAR  000002H     1
  SR2. . . . . . . . . . . . . . . . .  MEMBER  -----   U_CHAR  000003H     1
  EGR. . . . . . . . . . . . . . . . .  MEMBER  -----   U_CHAR  000004H     1
  CCMR1. . . . . . . . . . . . . . . .  MEMBER  -----   U_CHAR  000005H     1
  CCMR2. . . . . . . . . . . . . . . .  MEMBER  -----   U_CHAR  000006H     1
  CCMR3. . . . . . . . . . . . . . . .  MEMBER  -----   U_CHAR  000007H     1
  CCER1. . . . . . . . . . . . . . . .  MEMBER  -----   U_CHAR  000008H     1
  CCER2. . . . . . . . . . . . . . . .  MEMBER  -----   U_CHAR  000009H     1
  CNTRH. . . . . . . . . . . . . . . .  MEMBER  -----   U_CHAR  00000AH     1
  CNTRL. . . . . . . . . . . . . . . .  MEMBER  -----   U_CHAR  00000BH     1
  PSCR . . . . . . . . . . . . . . . .  MEMBER  -----   U_CHAR  00000CH     1
  ARRH . . . . . . . . . . . . . . . .  MEMBER  -----   U_CHAR  00000DH     1
  ARRL . . . . . . . . . . . . . . . .  MEMBER  -----   U_CHAR  00000EH     1
  CCR1H. . . . . . . . . . . . . . . .  MEMBER  -----   U_CHAR  00000FH     1
  CCR1L. . . . . . . . . . . . . . . .  MEMBER  -----   U_CHAR  000010H     1
  CCR2H. . . . . . . . . . . . . . . .  MEMBER  -----   U_CHAR  000011H     1
  CCR2L. . . . . . . . . . . . . . . .  MEMBER  -----   U_CHAR  000012H     1
  CCR3H. . . . . . . . . . . . . . . .  MEMBER  -----   U_CHAR  000013H     1
  CCR3L. . . . . . . . . . . . . . . .  MEMBER  -----   U_CHAR  000014H     1
TIM3_struct. . . . . . . . . . . . . . * TAG *  ----- STRUCT  -------    17
  CR1. . . . . . . . . . . . . . . . .  MEMBER  -----   U_CHAR  000000H     1
  IER. . . . . . . . . . . . . . . . .  MEMBER  -----   U_CHAR  000001H     1
  SR1. . . . . . . . . . . . . . . . .  MEMBER  -----   U_CHAR  000002H     1
  SR2. . . . . . . . . . . . . . . . .  MEMBER  -----   U_CHAR  000003H     1
  EGR. . . . . . . . . . . . . . . . .  MEMBER  -----   U_CHAR  000004H     1
  CCMR1. . . . . . . . . . . . . . . .  MEMBER  -----   U_CHAR  000005H     1
  CCMR2. . . . . . . . . . . . . . . .  MEMBER  -----   U_CHAR  000006H     1
  CCER1. . . . . . . . . . . . . . . .  MEMBER  -----   U_CHAR  000007H     1
  CNTRH. . . . . . . . . . . . . . . .  MEMBER  -----   U_CHAR  000008H     1
  CNTRL. . . . . . . . . . . . . . . .  MEMBER  -----   U_CHAR  000009H     1
  PSCR . . . . . . . . . . . . . . . .  MEMBER  -----   U_CHAR  00000AH     1
  ARRH . . . . . . . . . . . . . . . .  MEMBER  -----   U_CHAR  00000BH     1
  ARRL . . . . . . . . . . . . . . . .  MEMBER  -----   U_CHAR  00000CH     1
  CCR1H. . . . . . . . . . . . . . . .  MEMBER  -----   U_CHAR  00000DH     1
  CCR1L. . . . . . . . . . . . . . . .  MEMBER  -----   U_CHAR  00000EH     1
  CCR2H. . . . . . . . . . . . . . . .  MEMBER  -----   U_CHAR  00000FH     1
  CCR2L. . . . . . . . . . . . . . . .  MEMBER  -----   U_CHAR  000010H     1
TIM4_struct. . . . . . . . . . . . . . * TAG *  ----- STRUCT  -------     7
  CR1. . . . . . . . . . . . . . . . .  MEMBER  -----   U_CHAR  000000H     1
  IER. . . . . . . . . . . . . . . . .  MEMBER  -----   U_CHAR  000001H     1
  SR1. . . . . . . . . . . . . . . . .  MEMBER  -----   U_CHAR  000002H     1
  EGR. . . . . . . . . . . . . . . . .  MEMBER  -----   U_CHAR  000003H     1
  CNTR . . . . . . . . . . . . . . . .  MEMBER  -----   U_CHAR  000004H     1
  PSCR . . . . . . . . . . . . . . . .  MEMBER  -----   U_CHAR  000005H     1
  ARR. . . . . . . . . . . . . . . . .  MEMBER  -----   U_CHAR  000006H     1
TIM5_struct. . . . . . . . . . . . . . * TAG *  ----- STRUCT  -------    23
  CR1. . . . . . . . . . . . . . . . .  MEMBER  -----   U_CHAR  000000H     1
  CR2. . . . . . . . . . . . . . . . .  MEMBER  -----   U_CHAR  000001H     1
  SMCR . . . . . . . . . . . . . . . .  MEMBER  -----   U_CHAR  000002H     1
  IER. . . . . . . . . . . . . . . . .  MEMBER  -----   U_CHAR  000003H     1
  SR1. . . . . . . . . . . . . . . . .  MEMBER  -----   U_CHAR  000004H     1
  SR2. . . . . . . . . . . . . . . . .  MEMBER  -----   U_CHAR  000005H     1
  EGR. . . . . . . . . . . . . . . . .  MEMBER  -----   U_CHAR  000006H     1
  CCMR1. . . . . . . . . . . . . . . .  MEMBER  -----   U_CHAR  000007H     1
  CCMR2. . . . . . . . . . . . . . . .  MEMBER  -----   U_CHAR  000008H     1
  CCMR3. . . . . . . . . . . . . . . .  MEMBER  -----   U_CHAR  000009H     1
  CCER1. . . . . . . . . . . . . . . .  MEMBER  -----   U_CHAR  00000AH     1
  CCER2. . . . . . . . . . . . . . . .  MEMBER  -----   U_CHAR  00000BH     1
  CNTRH. . . . . . . . . . . . . . . .  MEMBER  -----   U_CHAR  00000CH     1
  CNTRL. . . . . . . . . . . . . . . .  MEMBER  -----   U_CHAR  00000DH     1
  PSCR . . . . . . . . . . . . . . . .  MEMBER  -----   U_CHAR  00000EH     1
  ARRH . . . . . . . . . . . . . . . .  MEMBER  -----   U_CHAR  00000FH     1
  ARRL . . . . . . . . . . . . . . . .  MEMBER  -----   U_CHAR  000010H     1
  CCR1H. . . . . . . . . . . . . . . .  MEMBER  -----   U_CHAR  000011H     1
  CCR1L. . . . . . . . . . . . . . . .  MEMBER  -----   U_CHAR  000012H     1
  CCR2H. . . . . . . . . . . . . . . .  MEMBER  -----   U_CHAR  000013H     1
  CCR2L. . . . . . . . . . . . . . . .  MEMBER  -----   U_CHAR  000014H     1
  CCR3H. . . . . . . . . . . . . . . .  MEMBER  -----   U_CHAR  000015H     1
  CCR3L. . . . . . . . . . . . . . . .  MEMBER  -----   U_CHAR  000016H     1
TIM6_struct. . . . . . . . . . . . . . * TAG *  ----- STRUCT  -------     9
  CR1. . . . . . . . . . . . . . . . .  MEMBER  -----   U_CHAR  000000H     1
  CR2. . . . . . . . . . . . . . . . .  MEMBER  -----   U_CHAR  000001H     1
  SMCR . . . . . . . . . . . . . . . .  MEMBER  -----   U_CHAR  000002H     1
  IER. . . . . . . . . . . . . . . . .  MEMBER  -----   U_CHAR  000003H     1
  SR1. . . . . . . . . . . . . . . . .  MEMBER  -----   U_CHAR  000004H     1
  EGR. . . . . . . . . . . . . . . . .  MEMBER  -----   U_CHAR  000005H     1
  CNTR . . . . . . . . . . . . . . . .  MEMBER  -----   U_CHAR  000006H     1
  PSCR . . . . . . . . . . . . . . . .  MEMBER  -----   U_CHAR  000007H     1
  ARR. . . . . . . . . . . . . . . . .  MEMBER  -----   U_CHAR  000008H     1
I2C_struct . . . . . . . . . . . . . . * TAG *  ----- STRUCT  -------    15
  CR1. . . . . . . . . . . . . . . . .  MEMBER  -----   U_CHAR  000000H     1
  CR2. . . . . . . . . . . . . . . . .  MEMBER  -----   U_CHAR  000001H     1
  FREQR. . . . . . . . . . . . . . . .  MEMBER  -----   U_CHAR  000002H     1
  OARL . . . . . . . . . . . . . . . .  MEMBER  -----   U_CHAR  000003H     1
  OARH . . . . . . . . . . . . . . . .  MEMBER  -----   U_CHAR  000004H     1
  RESERVED1. . . . . . . . . . . . . .  MEMBER  -----   U_CHAR  000005H     1
  DR . . . . . . . . . . . . . . . . .  MEMBER  -----   U_CHAR  000006H     1
  SR1. . . . . . . . . . . . . . . . .  MEMBER  -----   U_CHAR  000007H     1
  SR2. . . . . . . . . . . . . . . . .  MEMBER  -----   U_CHAR  000008H     1
  SR3. . . . . . . . . . . . . . . . .  MEMBER  -----   U_CHAR  000009H     1
  ITR. . . . . . . . . . . . . . . . .  MEMBER  -----   U_CHAR  00000AH     1
  CCRL . . . . . . . . . . . . . . . .  MEMBER  -----   U_CHAR  00000BH     1
  CCRH . . . . . . . . . . . . . . . .  MEMBER  -----   U_CHAR  00000CH     1
  TRISER . . . . . . . . . . . . . . .  MEMBER  -----   U_CHAR  00000DH     1
  RESERVED2. . . . . . . . . . . . . .  MEMBER  -----   U_CHAR  00000EH     1
ITC_struct . . . . . . . . . . . . . . * TAG *  ----- STRUCT  -------     8
  ISPR1. . . . . . . . . . . . . . . .  MEMBER  -----   U_CHAR  000000H     1
  ISPR2. . . . . . . . . . . . . . . .  MEMBER  -----   U_CHAR  000001H     1
  ISPR3. . . . . . . . . . . . . . . .  MEMBER  -----   U_CHAR  000002H     1
  ISPR4. . . . . . . . . . . . . . . .  MEMBER  -----   U_CHAR  000003H     1
  ISPR5. . . . . . . . . . . . . . . .  MEMBER  -----   U_CHAR  000004H     1
  ISPR6. . . . . . . . . . . . . . . .  MEMBER  -----   U_CHAR  000005H     1
  ISPR7. . . . . . . . . . . . . . . .  MEMBER  -----   U_CHAR  000006H     1
  ISPR8. . . . . . . . . . . . . . . .  MEMBER  -----   U_CHAR  000007H     1
EXTI_struct. . . . . . . . . . . . . . * TAG *  ----- STRUCT  -------     2
  CR1. . . . . . . . . . . . . . . . .  MEMBER  -----   U_CHAR  000000H     1
  CR2. . . . . . . . . . . . . . . . .  MEMBER  -----   U_CHAR  000001H     1
FLASH_struct . . . . . . . . . . . . . * TAG *  ----- STRUCT  -------    11
  CR1. . . . . . . . . . . . . . . . .  MEMBER  -----   U_CHAR  000000H     1
  CR2. . . . . . . . . . . . . . . . .  MEMBER  -----   U_CHAR  000001H     1
  NCR2 . . . . . . . . . . . . . . . .  MEMBER  -----   U_CHAR  000002H     1
  FPR. . . . . . . . . . . . . . . . .  MEMBER  -----   U_CHAR  000003H     1
  NFPR . . . . . . . . . . . . . . . .  MEMBER  -----   U_CHAR  000004H     1
  IAPSR. . . . . . . . . . . . . . . .  MEMBER  -----   U_CHAR  000005H     1
  RESERVED1. . . . . . . . . . . . . .  MEMBER  -----   U_CHAR  000006H     1
  RESERVED2. . . . . . . . . . . . . .  MEMBER  -----   U_CHAR  000007H     1
  PUKR . . . . . . . . . . . . . . . .  MEMBER  -----   U_CHAR  000008H     1
  RESERVED3. . . . . . . . . . . . . .  MEMBER  -----   U_CHAR  000009H     1
  DUKR . . . . . . . . . . . . . . . .  MEMBER  -----   U_CHAR  00000AH     1
OPT_struct . . . . . . . . . . . . . . * TAG *  ----- STRUCT  -------    15
  OPT0 . . . . . . . . . . . . . . . .  MEMBER  -----   U_CHAR  000000H     1
  OPT1 . . . . . . . . . . . . . . . .  MEMBER  -----   U_CHAR  000001H     1
  NOPT1. . . . . . . . . . . . . . . .  MEMBER  -----   U_CHAR  000002H     1
  OPT2 . . . . . . . . . . . . . . . .  MEMBER  -----   U_CHAR  000003H     1
  NOPT2. . . . . . . . . . . . . . . .  MEMBER  -----   U_CHAR  000004H     1
  OPT3 . . . . . . . . . . . . . . . .  MEMBER  -----   U_CHAR  000005H     1
  NOPT3. . . . . . . . . . . . . . . .  MEMBER  -----   U_CHAR  000006H     1
  OPT4 . . . . . . . . . . . . . . . .  MEMBER  -----   U_CHAR  000007H     1
  NOPT4. . . . . . . . . . . . . . . .  MEMBER  -----   U_CHAR  000008H     1
  OPT5 . . . . . . . . . . . . . . . .  MEMBER  -----   U_CHAR  000009H     1
  NOPT5. . . . . . . . . . . . . . . .  MEMBER  -----   U_CHAR  00000AH     1
  RESERVED1. . . . . . . . . . . . . .  MEMBER  -----   U_CHAR  00000BH     1
  RESERVED2. . . . . . . . . . . . . .  MEMBER  -----   U_CHAR  00000CH     1
  OPT7 . . . . . . . . . . . . . . . .  MEMBER  -----   U_CHAR  00000DH     1
  NOPT7. . . . . . . . . . . . . . . .  MEMBER  -----   U_CHAR  00000EH     1
IWDG_struct. . . . . . . . . . . . . . * TAG *  ----- STRUCT  -------     3
  KR . . . . . . . . . . . . . . . . .  MEMBER  -----   U_CHAR  000000H     1
  PR . . . . . . . . . . . . . . . . .  MEMBER  -----   U_CHAR  000001H     1
  RLR. . . . . . . . . . . . . . . . .  MEMBER  -----   U_CHAR  000002H     1
WWDG_struct. . . . . . . . . . . . . . * TAG *  ----- STRUCT  -------     2
  CR . . . . . . . . . . . . . . . . .  MEMBER  -----   U_CHAR  000000H     1
  WR . . . . . . . . . . . . . . . . .  MEMBER  -----   U_CHAR  000001H     1
RST_struct . . . . . . . . . . . . . . * TAG *  ----- STRUCT  -------     1
  SR . . . . . . . . . . . . . . . . .  MEMBER  -----   U_CHAR  000000H     1
SPI_struct . . . . . . . . . . . . . . * TAG *  ----- STRUCT  -------     8
  CR1. . . . . . . . . . . . . . . . .  MEMBER  -----   U_CHAR  000000H     1
  CR2. . . . . . . . . . . . . . . . .  MEMBER  -----   U_CHAR  000001H     1
  ICR. . . . . . . . . . . . . . . . .  MEMBER  -----   U_CHAR  000002H     1
  SR . . . . . . . . . . . . . . . . .  MEMBER  -----   U_CHAR  000003H     1
  DR . . . . . . . . . . . . . . . . .  MEMBER  -----   U_CHAR  000004H     1
  CRCPR. . . . . . . . . . . . . . . .  MEMBER  -----   U_CHAR  000005H     1
  RXCRCR . . . . . . . . . . . . . . .  MEMBER  -----   U_CHAR  000006H     1
  TXCRCR . . . . . . . . . . . . . . .  MEMBER  -----   U_CHAR  000007H     1
SWIM_struct. . . . . . . . . . . . . . * TAG *  ----- STRUCT  -------     2
  CSR. . . . . . . . . . . . . . . . .  MEMBER  -----   U_CHAR  000000H     1
  DR . . . . . . . . . . . . . . . . .  MEMBER  -----   U_CHAR  000001H     1
UART1_struct . . . . . . . . . . . . . * TAG *  ----- STRUCT  -------    11
  SR . . . . . . . . . . . . . . . . .  MEMBER  -----   U_CHAR  000000H     1
  DR . . . . . . . . . . . . . . . . .  MEMBER  -----   U_CHAR  000001H     1
  BRR1 . . . . . . . . . . . . . . . .  MEMBER  -----   U_CHAR  000002H     1
  BRR2 . . . . . . . . . . . . . . . .  MEMBER  -----   U_CHAR  000003H     1
  CR1. . . . . . . . . . . . . . . . .  MEMBER  -----   U_CHAR  000004H     1
  CR2. . . . . . . . . . . . . . . . .  MEMBER  -----   U_CHAR  000005H     1
  CR3. . . . . . . . . . . . . . . . .  MEMBER  -----   U_CHAR  000006H     1
  CR4. . . . . . . . . . . . . . . . .  MEMBER  -----   U_CHAR  000007H     1
  CR5. . . . . . . . . . . . . . . . .  MEMBER  -----   U_CHAR  000008H     1
  GTR. . . . . . . . . . . . . . . . .  MEMBER  -----   U_CHAR  000009H     1
  PSCR . . . . . . . . . . . . . . . .  MEMBER  -----   U_CHAR  00000AH     1
UART2_struct . . . . . . . . . . . . . * TAG *  ----- STRUCT  -------    12
  SR . . . . . . . . . . . . . . . . .  MEMBER  -----   U_CHAR  000000H     1
  DR . . . . . . . . . . . . . . . . .  MEMBER  -----   U_CHAR  000001H     1
  BRR1 . . . . . . . . . . . . . . . .  MEMBER  -----   U_CHAR  000002H     1
  BRR2 . . . . . . . . . . . . . . . .  MEMBER  -----   U_CHAR  000003H     1
  CR1. . . . . . . . . . . . . . . . .  MEMBER  -----   U_CHAR  000004H     1
  CR2. . . . . . . . . . . . . . . . .  MEMBER  -----   U_CHAR  000005H     1
  CR3. . . . . . . . . . . . . . . . .  MEMBER  -----   U_CHAR  000006H     1
  CR4. . . . . . . . . . . . . . . . .  MEMBER  -----   U_CHAR  000007H     1
  CR5. . . . . . . . . . . . . . . . .  MEMBER  -----   U_CHAR  000008H     1
  CR6. . . . . . . . . . . . . . . . .  MEMBER  -----   U_CHAR  000009H     1
  GTR. . . . . . . . . . . . . . . . .  MEMBER  -----   U_CHAR  00000AH     1
  PSCR . . . . . . . . . . . . . . . .  MEMBER  -----   U_CHAR  00000BH     1
UART3_struct . . . . . . . . . . . . . * TAG *  ----- STRUCT  -------    10
  SR . . . . . . . . . . . . . . . . .  MEMBER  -----   U_CHAR  000000H     1
  DR . . . . . . . . . . . . . . . . .  MEMBER  -----   U_CHAR  000001H     1
  BRR1 . . . . . . . . . . . . . . . .  MEMBER  -----   U_CHAR  000002H     1
  BRR2 . . . . . . . . . . . . . . . .  MEMBER  -----   U_CHAR  000003H     1
  CR1. . . . . . . . . . . . . . . . .  MEMBER  -----   U_CHAR  000004H     1
  CR2. . . . . . . . . . . . . . . . .  MEMBER  -----   U_CHAR  000005H     1
  CR3. . . . . . . . . . . . . . . . .  MEMBER  -----   U_CHAR  000006H     1
  CR4. . . . . . . . . . . . . . . . .  MEMBER  -----   U_CHAR  000007H     1
  RESERVED . . . . . . . . . . . . . .  MEMBER  -----   U_CHAR  000008H     1
  CR6. . . . . . . . . . . . . . . . .  MEMBER  -----   U_CHAR  000009H     1
CFG_struct . . . . . . . . . . . . . . * TAG *  ----- STRUCT  -------     1
  GCR. . . . . . . . . . . . . . . . .  MEMBER  -----   U_CHAR  000000H     1
BEEP_FREQUENCY_1KHZ. . . . . . . . . . E_CONST  ----- INT      -------  2
BEEP_FREQUENCY_2KHZ. . . . . . . . . . E_CONST  ----- INT      -------  2
BEEP_FREQUENCY_4KHZ. . . . . . . . . . E_CONST  ----- INT      -------  2
CLK_SWITCHMODE_MANUAL. . . . . . . . . E_CONST  ----- INT      -------  2
CLK_SWITCHMODE_AUTO. . . . . . . . . . E_CONST  ----- INT      -------  2
CLK_CURRENTCLOCKSTATE_DISABLE. . . . . E_CONST  ----- INT      -------  2
CLK_CURRENTCLOCKSTATE_ENABLE . . . . . E_CONST  ----- INT      -------  2
CLK_CSSCONFIG_ENABLEWITHIT . . . . . . E_CONST  ----- INT      -------  2
CLK_CSSCONFIG_ENABLE . . . . . . . . . E_CONST  ----- INT      -------  2
CLK_CSSCONFIG_DISABLE. . . . . . . . . E_CONST  ----- INT      -------  2
CLK_SOURCE_HSI . . . . . . . . . . . . E_CONST  ----- INT      -------  2
CLK_SOURCE_LSI . . . . . . . . . . . . E_CONST  ----- INT      -------  2
CLK_SOURCE_HSE . . . . . . . . . . . . E_CONST  ----- INT      -------  2
CLK_HSITRIMVALUE_0 . . . . . . . . . . E_CONST  ----- INT      -------  2
CLK_HSITRIMVALUE_1 . . . . . . . . . . E_CONST  ----- INT      -------  2
CLK_HSITRIMVALUE_2 . . . . . . . . . . E_CONST  ----- INT      -------  2
CLK_HSITRIMVALUE_3 . . . . . . . . . . E_CONST  ----- INT      -------  2
CLK_HSITRIMVALUE_4 . . . . . . . . . . E_CONST  ----- INT      -------  2
CLK_HSITRIMVALUE_5 . . . . . . . . . . E_CONST  ----- INT      -------  2
CLK_HSITRIMVALUE_6 . . . . . . . . . . E_CONST  ----- INT      -------  2
CLK_HSITRIMVALUE_7 . . . . . . . . . . E_CONST  ----- INT      -------  2
CLK_OUTPUT_HSI . . . . . . . . . . . . E_CONST  ----- INT      -------  2
CLK_OUTPUT_LSI . . . . . . . . . . . . E_CONST  ----- INT      -------  2
CLK_OUTPUT_HSE . . . . . . . . . . . . E_CONST  ----- INT      -------  2
CLK_OUTPUT_CPU . . . . . . . . . . . . E_CONST  ----- INT      -------  2
CLK_OUTPUT_CPUDIV2 . . . . . . . . . . E_CONST  ----- INT      -------  2
CLK_OUTPUT_CPUDIV4 . . . . . . . . . . E_CONST  ----- INT      -------  2
CLK_OUTPUT_CPUDIV8 . . . . . . . . . . E_CONST  ----- INT      -------  2
CLK_OUTPUT_CPUDIV16. . . . . . . . . . E_CONST  ----- INT      -------  2
CLK_OUTPUT_CPUDIV32. . . . . . . . . . E_CONST  ----- INT      -------  2
CLK_OUTPUT_CPUDIV64. . . . . . . . . . E_CONST  ----- INT      -------  2
CLK_OUTPUT_HSIRC . . . . . . . . . . . E_CONST  ----- INT      -------  2
CLK_OUTPUT_MASTER. . . . . . . . . . . E_CONST  ----- INT      -------  2
CLK_OUTPUT_OTHERS. . . . . . . . . . . E_CONST  ----- INT      -------  2
CLK_PERIPHERAL_I2C . . . . . . . . . . E_CONST  ----- INT      -------  2
CLK_PERIPHERAL_SPI . . . . . . . . . . E_CONST  ----- INT      -------  2
CLK_PERIPHERAL_UART1 . . . . . . . . . E_CONST  ----- INT      -------  2
CLK_PERIPHERAL_UART2 . . . . . . . . . E_CONST  ----- INT      -------  2
CLK_PERIPHERAL_UART3 . . . . . . . . . E_CONST  ----- INT      -------  2
CLK_PERIPHERAL_TIMER6. . . . . . . . . E_CONST  ----- INT      -------  2
CLK_PERIPHERAL_TIMER4. . . . . . . . . E_CONST  ----- INT      -------  2
CLK_PERIPHERAL_TIMER5. . . . . . . . . E_CONST  ----- INT      -------  2
CLK_PERIPHERAL_TIMER2. . . . . . . . . E_CONST  ----- INT      -------  2
CLK_PERIPHERAL_TIMER3. . . . . . . . . E_CONST  ----- INT      -------  2
CLK_PERIPHERAL_TIMER1. . . . . . . . . E_CONST  ----- INT      -------  2
CLK_PERIPHERAL_AWU . . . . . . . . . . E_CONST  ----- INT      -------  2
CLK_PERIPHERAL_ADC . . . . . . . . . . E_CONST  ----- INT      -------  2
CLK_PERIPHERAL_CAN . . . . . . . . . . E_CONST  ----- INT      -------  2
CLK_FLAG_LSIRDY. . . . . . . . . . . . E_CONST  ----- INT      -------  2
CLK_FLAG_HSIRDY. . . . . . . . . . . . E_CONST  ----- INT      -------  2
CLK_FLAG_HSERDY. . . . . . . . . . . . E_CONST  ----- INT      -------  2
CLK_FLAG_SWIF. . . . . . . . . . . . . E_CONST  ----- INT      -------  2
CLK_FLAG_SWBSY . . . . . . . . . . . . E_CONST  ----- INT      -------  2
CLK_FLAG_CSSD. . . . . . . . . . . . . E_CONST  ----- INT      -------  2
CLK_FLAG_AUX . . . . . . . . . . . . . E_CONST  ----- INT      -------  2
CLK_FLAG_CCOBSY. . . . . . . . . . . . E_CONST  ----- INT      -------  2
CLK_FLAG_CCORDY. . . . . . . . . . . . E_CONST  ----- INT      -------  2
CLK_IT_CSSD. . . . . . . . . . . . . . E_CONST  ----- INT      -------  2
CLK_IT_SWIF. . . . . . . . . . . . . . E_CONST  ----- INT      -------  2
CLK_PRESCALER_HSIDIV1. . . . . . . . . E_CONST  ----- INT      -------  2
CLK_PRESCALER_HSIDIV2. . . . . . . . . E_CONST  ----- INT      -------  2
CLK_PRESCALER_HSIDIV4. . . . . . . . . E_CONST  ----- INT      -------  2
CLK_PRESCALER_HSIDIV8. . . . . . . . . E_CONST  ----- INT      -------  2
CLK_PRESCALER_CPUDIV1. . . . . . . . . E_CONST  ----- INT      -------  2
CLK_PRESCALER_CPUDIV2. . . . . . . . . E_CONST  ----- INT      -------  2
CLK_PRESCALER_CPUDIV4. . . . . . . . . E_CONST  ----- INT      -------  2
CLK_PRESCALER_CPUDIV8. . . . . . . . . E_CONST  ----- INT      -------  2
CLK_PRESCALER_CPUDIV16 . . . . . . . . E_CONST  ----- INT      -------  2
CLK_PRESCALER_CPUDIV32 . . . . . . . . E_CONST  ----- INT      -------  2
CLK_PRESCALER_CPUDIV64 . . . . . . . . E_CONST  ----- INT      -------  2
CLK_PRESCALER_CPUDIV128. . . . . . . . E_CONST  ----- INT      -------  2
CLK_SWIMDIVIDER_2. . . . . . . . . . . E_CONST  ----- INT      -------  2
CLK_SWIMDIVIDER_OTHER. . . . . . . . . E_CONST  ----- INT      -------  2
CLK_CANDIVIDER_1 . . . . . . . . . . . E_CONST  ----- INT      -------  2
CLK_CANDIVIDER_2 . . . . . . . . . . . E_CONST  ----- INT      -------  2
CLK_CANDIVIDER_3 . . . . . . . . . . . E_CONST  ----- INT      -------  2
CLK_CANDIVIDER_4 . . . . . . . . . . . E_CONST  ----- INT      -------  2
CLK_CANDIVIDER_5 . . . . . . . . . . . E_CONST  ----- INT      -------  2
CLK_CANDIVIDER_6 . . . . . . . . . . . E_CONST  ----- INT      -------  2
CLK_CANDIVIDER_7 . . . . . . . . . . . E_CONST  ----- INT      -------  2
CLK_CANDIVIDER_8 . . . . . . . . . . . E_CONST  ----- INT      -------  2
GPIO_MODE_IN_FL_NO_IT. . . . . . . . . E_CONST  ----- INT      -------  2
GPIO_MODE_IN_PU_NO_IT. . . . . . . . . E_CONST  ----- INT      -------  2
GPIO_MODE_IN_FL_IT . . . . . . . . . . E_CONST  ----- INT      -------  2
GPIO_MODE_IN_PU_IT . . . . . . . . . . E_CONST  ----- INT      -------  2
GPIO_MODE_OUT_OD_LOW_FAST. . . . . . . E_CONST  ----- INT      -------  2
GPIO_MODE_OUT_PP_LOW_FAST. . . . . . . E_CONST  ----- INT      -------  2
GPIO_MODE_OUT_OD_LOW_SLOW. . . . . . . E_CONST  ----- INT      -------  2
GPIO_MODE_OUT_PP_LOW_SLOW. . . . . . . E_CONST  ----- INT      -------  2
GPIO_MODE_OUT_OD_HIZ_FAST. . . . . . . E_CONST  ----- INT      -------  2
GPIO_MODE_OUT_PP_HIGH_FAST . . . . . . E_CONST  ----- INT      -------  2
GPIO_MODE_OUT_OD_HIZ_SLOW. . . . . . . E_CONST  ----- INT      -------  2
GPIO_MODE_OUT_PP_HIGH_SLOW . . . . . . E_CONST  ----- INT      -------  2
GPIO_PIN_0 . . . . . . . . . . . . . . E_CONST  ----- INT      -------  2
GPIO_PIN_1 . . . . . . . . . . . . . . E_CONST  ----- INT      -------  2
GPIO_PIN_2 . . . . . . . . . . . . . . E_CONST  ----- INT      -------  2
GPIO_PIN_3 . . . . . . . . . . . . . . E_CONST  ----- INT      -------  2
GPIO_PIN_4 . . . . . . . . . . . . . . E_CONST  ----- INT      -------  2
GPIO_PIN_5 . . . . . . . . . . . . . . E_CONST  ----- INT      -------  2
GPIO_PIN_6 . . . . . . . . . . . . . . E_CONST  ----- INT      -------  2
GPIO_PIN_7 . . . . . . . . . . . . . . E_CONST  ----- INT      -------  2
GPIO_PIN_LNIB. . . . . . . . . . . . . E_CONST  ----- INT      -------  2
GPIO_PIN_HNIB. . . . . . . . . . . . . E_CONST  ----- INT      -------  2
GPIO_PIN_ALL . . . . . . . . . . . . . E_CONST  ----- INT      -------  2
TIM3_FORCEDACTION_ACTIVE . . . . . . . E_CONST  ----- INT      -------  2
TIM3_FORCEDACTION_INACTIVE . . . . . . E_CONST  ----- INT      -------  2
TIM3_PRESCALER_1 . . . . . . . . . . . E_CONST  ----- INT      -------  2
TIM3_PRESCALER_2 . . . . . . . . . . . E_CONST  ----- INT      -------  2
TIM3_PRESCALER_4 . . . . . . . . . . . E_CONST  ----- INT      -------  2
TIM3_PRESCALER_8 . . . . . . . . . . . E_CONST  ----- INT      -------  2
TIM3_PRESCALER_16. . . . . . . . . . . E_CONST  ----- INT      -------  2
TIM3_PRESCALER_32. . . . . . . . . . . E_CONST  ----- INT      -------  2
TIM3_PRESCALER_64. . . . . . . . . . . E_CONST  ----- INT      -------  2
TIM3_PRESCALER_128 . . . . . . . . . . E_CONST  ----- INT      -------  2
TIM3_PRESCALER_256 . . . . . . . . . . E_CONST  ----- INT      -------  2
TIM3_PRESCALER_512 . . . . . . . . . . E_CONST  ----- INT      -------  2
TIM3_PRESCALER_1024. . . . . . . . . . E_CONST  ----- INT      -------  2
TIM3_PRESCALER_2048. . . . . . . . . . E_CONST  ----- INT      -------  2
TIM3_PRESCALER_4096. . . . . . . . . . E_CONST  ----- INT      -------  2
TIM3_PRESCALER_8192. . . . . . . . . . E_CONST  ----- INT      -------  2
TIM3_PRESCALER_16384 . . . . . . . . . E_CONST  ----- INT      -------  2
TIM3_PRESCALER_32768 . . . . . . . . . E_CONST  ----- INT      -------  2
TIM3_OCMODE_TIMING . . . . . . . . . . E_CONST  ----- INT      -------  2
TIM3_OCMODE_ACTIVE . . . . . . . . . . E_CONST  ----- INT      -------  2
TIM3_OCMODE_INACTIVE . . . . . . . . . E_CONST  ----- INT      -------  2
TIM3_OCMODE_TOGGLE . . . . . . . . . . E_CONST  ----- INT      -------  2
TIM3_OCMODE_PWM1 . . . . . . . . . . . E_CONST  ----- INT      -------  2
TIM3_OCMODE_PWM2 . . . . . . . . . . . E_CONST  ----- INT      -------  2
TIM3_OPMODE_SINGLE . . . . . . . . . . E_CONST  ----- INT      -------  2
TIM3_OPMODE_REPETITIVE . . . . . . . . E_CONST  ----- INT      -------  2
TIM3_CHANNEL_1 . . . . . . . . . . . . E_CONST  ----- INT      -------  2
TIM3_CHANNEL_2 . . . . . . . . . . . . E_CONST  ----- INT      -------  2
TIM3_OCPOLARITY_HIGH . . . . . . . . . E_CONST  ----- INT      -------  2
TIM3_OCPOLARITY_LOW. . . . . . . . . . E_CONST  ----- INT      -------  2
TIM3_OUTPUTSTATE_DISABLE . . . . . . . E_CONST  ----- INT      -------  2
TIM3_OUTPUTSTATE_ENABLE. . . . . . . . E_CONST  ----- INT      -------  2
TIM3_ICPOLARITY_RISING . . . . . . . . E_CONST  ----- INT      -------  2
TIM3_ICPOLARITY_FALLING. . . . . . . . E_CONST  ----- INT      -------  2
TIM3_ICSELECTION_DIRECTTI. . . . . . . E_CONST  ----- INT      -------  2
TIM3_ICSELECTION_INDIRECTTI. . . . . . E_CONST  ----- INT      -------  2
TIM3_ICSELECTION_TRGI. . . . . . . . . E_CONST  ----- INT      -------  2
TIM3_ICPSC_DIV1. . . . . . . . . . . . E_CONST  ----- INT      -------  2
TIM3_ICPSC_DIV2. . . . . . . . . . . . E_CONST  ----- INT      -------  2
TIM3_ICPSC_DIV4. . . . . . . . . . . . E_CONST  ----- INT      -------  2
TIM3_ICPSC_DIV8. . . . . . . . . . . . E_CONST  ----- INT      -------  2
TIM3_IT_UPDATE . . . . . . . . . . . . E_CONST  ----- INT      -------  2
TIM3_IT_CC1. . . . . . . . . . . . . . E_CONST  ----- INT      -------  2
TIM3_IT_CC2. . . . . . . . . . . . . . E_CONST  ----- INT      -------  2
TIM3_PSCRELOADMODE_UPDATE. . . . . . . E_CONST  ----- INT      -------  2
TIM3_PSCRELOADMODE_IMMEDIATE . . . . . E_CONST  ----- INT      -------  2
TIM3_EVENTSOURCE_UPDATE. . . . . . . . E_CONST  ----- INT      -------  2
TIM3_EVENTSOURCE_CC1 . . . . . . . . . E_CONST  ----- INT      -------  2
TIM3_EVENTSOURCE_CC2 . . . . . . . . . E_CONST  ----- INT      -------  2
TIM3_UPDATESOURCE_GLOBAL . . . . . . . E_CONST  ----- INT      -------  2
TIM3_UPDATESOURCE_REGULAR. . . . . . . E_CONST  ----- INT      -------  2
TIM3_FLAG_UPDATE . . . . . . . . . . . E_CONST  ----- INT      -------  2
TIM3_FLAG_CC1. . . . . . . . . . . . . E_CONST  ----- INT      -------  2
TIM3_FLAG_CC2. . . . . . . . . . . . . E_CONST  ----- INT      -------  2
TIM3_FLAG_CC1OF. . . . . . . . . . . . E_CONST  ----- INT      -------  2
TIM3_FLAG_CC2OF. . . . . . . . . . . . E_CONST  ----- INT      -------  2
UART2_IRDAMODE_NORMAL. . . . . . . . . E_CONST  ----- INT      -------  2
UART2_IRDAMODE_LOWPOWER. . . . . . . . E_CONST  ----- INT      -------  2
UART2_WAKEUP_IDLELINE. . . . . . . . . E_CONST  ----- INT      -------  2
UART2_WAKEUP_ADDRESSMARK . . . . . . . E_CONST  ----- INT      -------  2
UART2_LINBREAKDETECTIONLENGTH_10BITS . E_CONST  ----- INT      -------  2
UART2_LINBREAKDETECTIONLENGTH_11BITS . E_CONST  ----- INT      -------  2
UART2_STOPBITS_1 . . . . . . . . . . . E_CONST  ----- INT      -------  2
UART2_STOPBITS_0_5 . . . . . . . . . . E_CONST  ----- INT      -------  2
UART2_STOPBITS_2 . . . . . . . . . . . E_CONST  ----- INT      -------  2
UART2_STOPBITS_1_5 . . . . . . . . . . E_CONST  ----- INT      -------  2
UART2_PARITY_NO. . . . . . . . . . . . E_CONST  ----- INT      -------  2
UART2_PARITY_EVEN. . . . . . . . . . . E_CONST  ----- INT      -------  2
UART2_PARITY_ODD . . . . . . . . . . . E_CONST  ----- INT      -------  2
UART2_LIN_MODE_MASTER. . . . . . . . . E_CONST  ----- INT      -------  2
UART2_LIN_MODE_SLAVE . . . . . . . . . E_CONST  ----- INT      -------  2
UART2_LIN_AUTOSYNC_DISABLE . . . . . . E_CONST  ----- INT      -------  2
UART2_LIN_AUTOSYNC_ENABLE. . . . . . . E_CONST  ----- INT      -------  2
UART2_LIN_DIVUP_LBRR1. . . . . . . . . E_CONST  ----- INT      -------  2
UART2_LIN_DIVUP_NEXTRXNE . . . . . . . E_CONST  ----- INT      -------  2
UART2_SYNCMODE_CLOCK_DISABLE . . . . . E_CONST  ----- INT      -------  2
UART2_SYNCMODE_CLOCK_ENABLE. . . . . . E_CONST  ----- INT      -------  2
UART2_SYNCMODE_CPOL_LOW. . . . . . . . E_CONST  ----- INT      -------  2
UART2_SYNCMODE_CPOL_HIGH . . . . . . . E_CONST  ----- INT      -------  2
UART2_SYNCMODE_CPHA_MIDDLE . . . . . . E_CONST  ----- INT      -------  2
UART2_SYNCMODE_CPHA_BEGINING . . . . . E_CONST  ----- INT      -------  2
UART2_SYNCMODE_LASTBIT_DISABLE . . . . E_CONST  ----- INT      -------  2
UART2_SYNCMODE_LASTBIT_ENABLE. . . . . E_CONST  ----- INT      -------  2
UART2_WORDLENGTH_8D. . . . . . . . . . E_CONST  ----- INT      -------  2
UART2_WORDLENGTH_9D. . . . . . . . . . E_CONST  ----- INT      -------  2
UART2_MODE_RX_ENABLE . . . . . . . . . E_CONST  ----- INT      -------  2
UART2_MODE_TX_ENABLE . . . . . . . . . E_CONST  ----- INT      -------  2
UART2_MODE_TX_DISABLE. . . . . . . . . E_CONST  ----- INT      -------  2
UART2_MODE_RX_DISABLE. . . . . . . . . E_CONST  ----- INT      -------  2
UART2_MODE_TXRX_ENABLE . . . . . . . . E_CONST  ----- INT      -------  2
UART2_FLAG_TXE . . . . . . . . . . . . E_CONST  ----- INT      -------  2
UART2_FLAG_TC. . . . . . . . . . . . . E_CONST  ----- INT      -------  2
UART2_FLAG_RXNE. . . . . . . . . . . . E_CONST  ----- INT      -------  2
UART2_FLAG_IDLE. . . . . . . . . . . . E_CONST  ----- INT      -------  2
UART2_FLAG_OR_LHE. . . . . . . . . . . E_CONST  ----- INT      -------  2
UART2_FLAG_NF. . . . . . . . . . . . . E_CONST  ----- INT      -------  2
UART2_FLAG_FE. . . . . . . . . . . . . E_CONST  ----- INT      -------  2
UART2_FLAG_PE. . . . . . . . . . . . . E_CONST  ----- INT      -------  2
UART2_FLAG_SBK . . . . . . . . . . . . E_CONST  ----- INT      -------  2
UART2_FLAG_LBDF. . . . . . . . . . . . E_CONST  ----- INT      -------  2
UART2_FLAG_LHDF. . . . . . . . . . . . E_CONST  ----- INT      -------  2
UART2_FLAG_LSF . . . . . . . . . . . . E_CONST  ----- INT      -------  2
UART2_IT_TXE . . . . . . . . . . . . . E_CONST  ----- INT      -------  2
UART2_IT_TC. . . . . . . . . . . . . . E_CONST  ----- INT      -------  2
UART2_IT_RXNE. . . . . . . . . . . . . E_CONST  ----- INT      -------  2
UART2_IT_IDLE. . . . . . . . . . . . . E_CONST  ----- INT      -------  2
UART2_IT_OR. . . . . . . . . . . . . . E_CONST  ----- INT      -------  2
UART2_IT_PE. . . . . . . . . . . . . . E_CONST  ----- INT      -------  2
UART2_IT_LBDF. . . . . . . . . . . . . E_CONST  ----- INT      -------  2
UART2_IT_LHDF. . . . . . . . . . . . . E_CONST  ----- INT      -------  2
UART2_IT_RXNE_OR . . . . . . . . . . . E_CONST  ----- INT      -------  2
main . . . . . . . . . . . . . . . . .  PUBLIC  CODE    PROC    ------- -----
LSIMeasurment. . . . . . . . . . . . .  PUBLIC  CODE    PROC    ------- -----
  lsi_freq_hz?335. . . . . . . . . . .  PUBLIC  auto     BASE    000000H 4      
  fmaster?337. . . . . . . . . . . . .  PUBLIC  auto     BASE    000004H 4      
  ICValue1?339 . . . . . . . . . . . .  PUBLIC  auto    U_INT   000008H 2      
  ICValue2?341 . . . . . . . . . . . .  PUBLIC  auto    U_INT   00000AH 2      
TIM3_DeInit. . . . . . . . . . . . . .  EXTERN  CODE    PROC    ------- -----
TIM3_TimeBaseInit. . . . . . . . . . .  EXTERN  CODE    PROC    ------- -----
TIM3_ITConfig. . . . . . . . . . . . .  EXTERN  CODE    PROC    ------- -----
GPIO_Init. . . . . . . . . . . . . . .  EXTERN  CODE    PROC    ------- -----
CLK_HSIPrescalerConfig . . . . . . . .  EXTERN  CODE    PROC    ------- -----
UART2_DeInit . . . . . . . . . . . . .  EXTERN  CODE    PROC    ------- -----
UART2_Init . . . . . . . . . . . . . .  EXTERN  CODE    PROC    ------- -----
BEEP_LSICalibrationConfig. . . . . . .  EXTERN  CODE    PROC    ------- -----
Main_Menu. . . . . . . . . . . . . . .  EXTERN  CODE    PROC    ------- -----
CLK_GetClockFreq . . . . . . . . . . .  EXTERN  CODE    PROC    ------- -----
?BH. . . . . . . . . . . . . . . . . .  EXTERN  page0   U_CHAR  ------- -----
TIM3_ICInit. . . . . . . . . . . . . .  EXTERN  CODE    PROC    ------- -----
TIM3_Cmd . . . . . . . . . . . . . . .  EXTERN  CODE    PROC    ------- -----
TIM3_GetCapture1 . . . . . . . . . . .  EXTERN  CODE    PROC    ------- -----
TIM3_ClearFlag . . . . . . . . . . . .  EXTERN  CODE    PROC    ------- -----
?CH. . . . . . . . . . . . . . . . . .  EXTERN  page0   U_CHAR  ------- -----
RCSTM8 COMPILER V2.26.09.317


MODULE INFORMATION:   STATIC OVERLAYABLE
   CODE SIZE        =    296    ----
   CONSTANT SIZE    =   ----    ----
   DATA SIZE        =   ----    ----
   PAGE0 SIZE       =   ----    ----
   BIT SIZE         =   ----    ----
END OF MODULE INFORMATION.

RCSTM8 COMPILATION COMPLETE.  0 WARNING,  0 ERROR
