RCSTM8 COMPILER V2.26.09.317,  STM8S_BEEP         02/16/10  16:41:03

QCW(0x009638A0)

RCSTM8 COMPILER V2.26.09.317, COMPILATION OF MODULE STM8S_BEEP
OBJECT MODULE PLACED IN Debug\stm8s_beep.o
COMPILER INVOKED BY: OBJECT(Debug\stm8s_beep.o) PIN(C:\Program Files\Raisonance\Ride\inc\ST7) PIN(C:\Program Files\Raisonance\Ride\inc) WRV(0) STM8(SMALL) DEBUG DGC(page0) AUTO OT(0) PR(Debug\stm8s_beep.lst) CD CO SB LAOB PIN(..\..\includes) PIN(..\..\..\..\libraries\stm8s_stdperiph_driver\inc) 

stmt level    source
   1          /**
   2            ******************************************************************************
   3            * @file stm8s_beep.c
   4            * @brief This file contains all the functions for the BEEP peripheral.
   5            * @author STMicroelectronics - MCD Application Team
   6            * @version V1.1.1
   7            * @date 06/05/2009
   8            ******************************************************************************
   9            *
  10            * THE PRESENT FIRMWARE WHICH IS FOR GUIDANCE ONLY AIMS AT PROVIDING CUSTOMERS
  11            * WITH CODING INFORMATION REGARDING THEIR PRODUCTS IN ORDER FOR THEM TO SAVE
  12            * TIME. AS A RESULT, STMICROELECTRONICS SHALL NOT BE HELD LIABLE FOR ANY
  13            * DIRECT, INDIRECT OR CONSEQUENTIAL DAMAGES WITH RESPECT TO ANY CLAIMS ARISING
  14            * FROM THE CONTENT OF SUCH FIRMWARE AND/OR THE USE MADE BY CUSTOMERS OF THE
  15            * CODING INFORMATION CONTAINED HEREIN IN CONNECTION WITH THEIR PRODUCTS.
  16            *
  17            * <h2><center>&copy; COPYRIGHT 2009 STMicroelectronics</center></h2>
  18            * @image html logo.bmp
  19            ******************************************************************************
  20            */
  21          
  22          /* Includes ------------------------------------------------------------------*/
  23          #include "stm8s_beep.h"
  24          
  25          /* Private typedef -----------------------------------------------------------*/
  26          /* Private define ------------------------------------------------------------*/
  27          /* Private macro -------------------------------------------------------------*/
  28          /* Private variables ---------------------------------------------------------*/
  29          /* Private function prototypes -----------------------------------------------*/
  30          /* Private functions ---------------------------------------------------------*/
  31          
  32          /* Public functions ----------------------------------------------------------*/
  33          
  34          /**
  35            * @addtogroup BEEP_Public_Functions
  36            * @{
  37            */
  38          
  39          /**
  40            * @brief Deinitializes the BEEP peripheral registers to their default reset
  41            * values.
  42            * @par Parameters:
  43            * None
  44            * @retval None
  45            */
  46          void BEEP_DeInit(void)
  47          {
  48   1          BEEP->CSR = BEEP_CSR_RESET_VALUE;
  49   1      }
  50          
  51          /**
  52            * @brief Initializes the BEEP function according to the specified parameters.
  53            * @param[in] BEEP_Frequency Frequency selection.
  54            * can be one of the values of @ref BEEP_Frequency_TypeDef.
  55            * @retval None
  56            * @par Required preconditions:
  57            * The LS RC calibration must be performed before calling this function.
  58            */
  59          void BEEP_Init(BEEP_Frequency_TypeDef BEEP_Frequency)
  60          {
  61   1      
  62   1          /* Check parameter */
  63   1          assert_param(IS_BEEP_FREQUENCY_OK(BEEP_Frequency));
  64   1      
  65   1          /* Set a default calibration value if no calibration is done */
  66   1          if ((BEEP->CSR & BEEP_CSR_BEEPDIV) == BEEP_CSR_BEEPDIV)
  67   1          {
  68   2              BEEP->CSR &= (u8)(~BEEP_CSR_BEEPDIV); /* Clear bits */
  69   2              BEEP->CSR |= BEEP_CALIBRATION_DEFAULT;
  70   2          }
  71   1      
  72   1          /* Select the output frequency */
  73   1          BEEP->CSR &= (u8)(~BEEP_CSR_BEEPSEL);
  74   1          BEEP->CSR |= (u8)(BEEP_Frequency);
  75   1      
  76   1      }
  77          
  78          /**
  79            * @brief Enable or disable the BEEP function.
  80            * @param[in] NewState Indicates the new state of the BEEP function.
  81            * @retval None
  82            * @par Required preconditions:
  83            * Initialisation of BEEP and LS RC calibration must be done before.
  84            */
  85          void BEEP_Cmd(FunctionalState NewState)
  86          {
  87   1          if (NewState != DISABLE)
  88   1          {
  89   2              /* Enable the BEEP peripheral */
  90   2              BEEP->CSR |= BEEP_CSR_BEEPEN;
  91   2          }
  92   1          else
  93   1          {
  94   2              /* Disable the BEEP peripheral */
  95   2              BEEP->CSR &= (u8)(~BEEP_CSR_BEEPEN);
  96   2          }
  97   1      }
  98          
  99          /**
 100            * @brief Update CSR register with the measured LSI frequency.
 101            * @par Note on the APR calculation:
 102            * A is the integer part of LSIFreqkHz/4 and x the decimal part.
 103            * x <= A/(1+2A) is equivalent to A >= x(1+2A) and also to 4A >= 4x(1+2A) [F1]
 104            * but we know that A + x = LSIFreqkHz/4 ==> 4x = LSIFreqkHz-4A
 105            * so [F1] can be written :
 106            * 4A >= (LSIFreqkHz-4A)(1+2A)
 107            * @param[in] LSIFreqHz Low Speed RC frequency measured by timer (in Hz).
 108            * @retval None
 109            * @par Required preconditions:
 110            * - BEEP must be disabled to avoid unwanted interrupts.
 111            */
 112          void BEEP_LSICalibrationConfig(u32 LSIFreqHz)
 113          {
 114   1      
 115   1          u16 lsifreqkhz;
 116   1          u16 A;
 117   1      
 118   1          /* Check parameter */
 119   1          assert_param(IS_LSI_FREQUENCY_OK(LSIFreqHz));
 120   1      
 121   1          lsifreqkhz = (u16)(LSIFreqHz / 1000); /* Converts value in kHz */
 122   1      
 123   1          /* Calculation of BEEPER calibration value */
 124   1      
 125   1          BEEP->CSR &= (u8)(~BEEP_CSR_BEEPDIV); /* Clear bits */
 126   1      
 127   1          A = (u16)(lsifreqkhz >> 3U); /* Division by 8, keep integer part only */
 128   1      
 129   1          if ((8U * A) >= ((lsifreqkhz - (8U * A)) * (1U + (2U * A))))
 130   1          {
 131   2              BEEP->CSR |= (u8)(A - 2U);
 132   2          }
 133   1          else
 134   1          {
 135   2              BEEP->CSR |= (u8)(A - 1U);
 136   2          }
 137   1      
 138   1          /* Set the AWU MR bit to load the new value to the prescalers */
 139   1          AWU->CSR |= AWU_CSR_MR;
 140   1      
 141   1      }
 142          
 143          /**
 144            * @}
 145            */
 146          
 147          /******************* (C) COPYRIGHT 2009 STMicroelectronics *****END OF FILE****/
 148          
RCSTM8 COMPILER V2.26.09.317
ASSEMBLY LISTING OF GENERATED OBJECT CODE

              ; FUNCTION ?BEEP_DeInit (BEGIN)
              ; SOURCE LINE # 48 
0000 351F50F3                          MOV    050F3H,#01FH
0004         ?EPILOG_0000:
0004 81                                RET    

              ; FUNCTION ?BEEP_DeInit (END)

              ; FUNCTION ?BEEP_Init (BEGIN)
              ; Register-parameter BEEP_Frequency (XW) is relocated (auto)
              ; SOURCE LINE # 59 
0000 89                                PUSHW  X
              ; SOURCE LINE # 66 
0001 A61F                              LD     A,#01FH
0003 C450F3                            AND    A,050F3H
0006 88                                PUSH   A
0007 A61F                              LD     A,#01FH
0009 9097                              LD     YL,A
000B 320003     F                      POP    ?BH
000E 909F                              LD     A,YL
0010 B103       F                      CP     A,?BH
0012 2618                              JRNE   ?NXT_0001
              ; SOURCE LINE # 68 
0014 A6E0                              LD     A,#0E0H
0016 C450F3                            AND    A,050F3H
0019 B703       F                      LD     ?BH,A
001B 55000350F3 F                      MOV    050F3H,?BH
              ; SOURCE LINE # 69 
0020 A60B                              LD     A,#00BH
0022 CA50F3                            OR     A,050F3H
0025 B703       F                      LD     ?BH,A
0027 55000350F3 F                      MOV    050F3H,?BH
002C         ?NXT_0001:
              ; SOURCE LINE # 73 
002C A63F                              LD     A,#03FH
002E C450F3                            AND    A,050F3H
0031 B703       F                      LD     ?BH,A
0033 55000350F3 F                      MOV    050F3H,?BH
              ; SOURCE LINE # 74 
0038 C650F3                            LD     A,050F3H
003B 1A02       F                      OR     A,(002H,SP)   ; [ BEEP_Frequency + 01H ]
003D B703       F                      LD     ?BH,A
003F 55000350F3 F                      MOV    050F3H,?BH
0044         ?EPILOG_0001:
0044 85                                POPW   X
0045 81                                RET    
              ; BEEP_Frequency (size=2).  parameter in AUTO

              ; FUNCTION ?BEEP_Init (END)

              ; FUNCTION ?BEEP_Cmd (BEGIN)
              ; Register-parameter NewState (XW) is relocated (auto)
              ; SOURCE LINE # 85 
0000 89                                PUSHW  X
              ; SOURCE LINE # 87 
0001 1E01       F                      LDW    X,(001H,SP)   ; [ NewState ]
0003 270E                              JREQ   ?ELSE_0003
              ; SOURCE LINE # 90 
0005 A620                              LD     A,#020H
0007 CA50F3                            OR     A,050F3H
000A B703       F                      LD     ?BH,A
000C 55000350F3 F                      MOV    050F3H,?BH
0011 200C                              JRA    ?NXT_0003
0013         ?ELSE_0003:
              ; SOURCE LINE # 95 
0013 A6DF                              LD     A,#0DFH
0015 C450F3                            AND    A,050F3H
0018 B703       F                      LD     ?BH,A
001A 55000350F3 F                      MOV    050F3H,?BH
001F         ?NXT_0003:

001F         ?EPILOG_0002:
001F 85                                POPW   X
0020 81                                RET    
              ; NewState     (size=2).  parameter in AUTO

              ; FUNCTION ?BEEP_Cmd (END)

              ; FUNCTION ?BEEP_LSICalibrationConfig (BEGIN)
              ; SOURCE LINE # 112 
0000 5204                              SUB    SP,#004H
              ; SOURCE LINE # 121 
0002 AE03E8                            LDW    X,#003E8H
0005 89                                PUSHW  X
0006 5F                                CLRW   X
0007 89                                PUSHW  X
0008 96           DNF                  LDW    X,SP
0009 1C000B     F                      ADDW   X,#0000BH
000C CD0000     F DNF                  CALL   ?C?divuix32
000F BE03       F                      LDW    X,?CH.w
0011 1F01       F                      LDW    (001H,SP),X   ; [ lsifreqkhz ]
              ; SOURCE LINE # 125 
0013 A6E0                              LD     A,#0E0H
0015 C450F3                            AND    A,050F3H
0018 B703       F                      LD     ?BH,A
001A 55000350F3 F                      MOV    050F3H,?BH
              ; SOURCE LINE # 127 
001F 1E01       F                      LDW    X,(001H,SP)   ; [ lsifreqkhz ]
0021 54                                SRLW   X
0022 54                                SRLW   X
0023 54                                SRLW   X
0024 1F03       F                      LDW    (003H,SP),X   ; [ A ]
              ; SOURCE LINE # 129 
0026 1E03       F                      LDW    X,(003H,SP)   ; [ A ]
0028 58                                SLAW   X
0029 90AE0001                          LDW    Y,#00001H
002D 90BF02     F                      LDW    ?BH.w,Y
0030 72BB0002   F                      ADDW   X,?BH.w
0034 9093                              LDW    Y,X
0036 1E03       F                      LDW    X,(003H,SP)   ; [ A ]
0038 58                                SLAW   X
0039 58                                SLAW   X
003A 58                                SLAW   X
003B BF02       F                      LDW    ?BH.w,X
003D 1E01       F                      LDW    X,(001H,SP)   ; [ lsifreqkhz ]
003F 72B00002   F                      SUBW   X,?BH.w
0043 CD0000     F                      CALL   ?C?mulu1616
0046 89                                PUSHW  X
0047 1E05       F                      LDW    X,(005H,SP)   ; [ A ]
0049 58                                SLAW   X
004A 58                                SLAW   X
004B 58                                SLAW   X
004C 9085                              POPW   Y
004E 90BF02     F                      LDW    ?BH.w,Y
0051 B302       F                      CPW    X,?BH.w
0053 2512                              JRULT  ?ELSE_0005
              ; SOURCE LINE # 131 
0055 1E03       F                      LDW    X,(003H,SP)   ; [ A ]
0057 1CFFFE                            ADDW   X,#0FFFEH
005A 9F                                LD     A,XL
005B CA50F3                            OR     A,050F3H
005E B703       F                      LD     ?BH,A
0060 55000350F3 F                      MOV    050F3H,?BH
0065 2010                              JRA    ?NXT_0005
0067         ?ELSE_0005:
              ; SOURCE LINE # 135 
0067 1E03       F                      LDW    X,(003H,SP)   ; [ A ]
0069 1CFFFF                            ADDW   X,#0FFFFH
006C 9F                                LD     A,XL
006D CA50F3                            OR     A,050F3H
0070 B703       F                      LD     ?BH,A
0072 55000350F3 F                      MOV    050F3H,?BH
0077         ?NXT_0005:
              ; SOURCE LINE # 139 
0077 A602                              LD     A,#002H
0079 CA50F0                            OR     A,050F0H
007C B703       F                      LD     ?BH,A
007E 55000350F0 F                      MOV    050F0H,?BH
0083         ?EPILOG_0003:
0083 5B04                              ADD    SP,#004H
0085 81                                RET    
              ; LSIFreqHz    unsigned long  (size=4-Alg).  parameter in AUTO
              ; lsifreqkhz   unsigned short  (size=2-Alg). Automatic variable  in AUTO
              ; A            unsigned short  (size=2-Alg). Automatic variable  in AUTO

              ; FUNCTION ?BEEP_LSICalibrationConfig (END)

RCSTM8 COMPILER V2.26.09.317
NAME                                    CLASS   MSPACE  TYPE    OFFSET  SIZE
====                                    =====   ======  ====    ======  ====

FALSE. . . . . . . . . . . . . . . . . E_CONST  ----- INT      -------  2
TRUE . . . . . . . . . . . . . . . . . E_CONST  ----- INT      -------  2
RESET. . . . . . . . . . . . . . . . . E_CONST  ----- INT      -------  2
SET. . . . . . . . . . . . . . . . . . E_CONST  ----- INT      -------  2
DISABLE. . . . . . . . . . . . . . . . E_CONST  ----- INT      -------  2
ENABLE . . . . . . . . . . . . . . . . E_CONST  ----- INT      -------  2
ERROR. . . . . . . . . . . . . . . . . E_CONST  ----- INT      -------  2
SUCCESS. . . . . . . . . . . . . . . . E_CONST  ----- INT      -------  2
GPIO_struct. . . . . . . . . . . . . . * TAG *  ----- STRUCT  -------     5
  ODR. . . . . . . . . . . . . . . . .  MEMBER  -----   U_CHAR  000000H     1
  IDR. . . . . . . . . . . . . . . . .  MEMBER  -----   U_CHAR  000001H     1
  DDR. . . . . . . . . . . . . . . . .  MEMBER  -----   U_CHAR  000002H     1
  CR1. . . . . . . . . . . . . . . . .  MEMBER  -----   U_CHAR  000003H     1
  CR2. . . . . . . . . . . . . . . . .  MEMBER  -----   U_CHAR  000004H     1
ADC1_struct. . . . . . . . . . . . . . * TAG *  ----- STRUCT  -------    48
  DB0RH. . . . . . . . . . . . . . . .  MEMBER  -----   U_CHAR  000000H     1
  DB0RL. . . . . . . . . . . . . . . .  MEMBER  -----   U_CHAR  000001H     1
  DB1RH. . . . . . . . . . . . . . . .  MEMBER  -----   U_CHAR  000002H     1
  DB1RL. . . . . . . . . . . . . . . .  MEMBER  -----   U_CHAR  000003H     1
  DB2RH. . . . . . . . . . . . . . . .  MEMBER  -----   U_CHAR  000004H     1
  DB2RL. . . . . . . . . . . . . . . .  MEMBER  -----   U_CHAR  000005H     1
  DB3RH. . . . . . . . . . . . . . . .  MEMBER  -----   U_CHAR  000006H     1
  DB3RL. . . . . . . . . . . . . . . .  MEMBER  -----   U_CHAR  000007H     1
  DB4RH. . . . . . . . . . . . . . . .  MEMBER  -----   U_CHAR  000008H     1
  DB4RL. . . . . . . . . . . . . . . .  MEMBER  -----   U_CHAR  000009H     1
  DB5RH. . . . . . . . . . . . . . . .  MEMBER  -----   U_CHAR  00000AH     1
  DB5RL. . . . . . . . . . . . . . . .  MEMBER  -----   U_CHAR  00000BH     1
  DB6RH. . . . . . . . . . . . . . . .  MEMBER  -----   U_CHAR  00000CH     1
  DB6RL. . . . . . . . . . . . . . . .  MEMBER  -----   U_CHAR  00000DH     1
  DB7RH. . . . . . . . . . . . . . . .  MEMBER  -----   U_CHAR  00000EH     1
  DB7RL. . . . . . . . . . . . . . . .  MEMBER  -----   U_CHAR  00000FH     1
  DB8RH. . . . . . . . . . . . . . . .  MEMBER  -----   U_CHAR  000010H     1
  DB8RL. . . . . . . . . . . . . . . .  MEMBER  -----   U_CHAR  000011H     1
  DB9RH. . . . . . . . . . . . . . . .  MEMBER  -----   U_CHAR  000012H     1
  DB9RL. . . . . . . . . . . . . . . .  MEMBER  -----   U_CHAR  000013H     1
  RESERVED . . . . . . . . . . . . . .  MEMBER  -----   ARRAY   000014H    12
  CSR. . . . . . . . . . . . . . . . .  MEMBER  -----   U_CHAR  000020H     1
  CR1. . . . . . . . . . . . . . . . .  MEMBER  -----   U_CHAR  000021H     1
  CR2. . . . . . . . . . . . . . . . .  MEMBER  -----   U_CHAR  000022H     1
  CR3. . . . . . . . . . . . . . . . .  MEMBER  -----   U_CHAR  000023H     1
  DRH. . . . . . . . . . . . . . . . .  MEMBER  -----   U_CHAR  000024H     1
  DRL. . . . . . . . . . . . . . . . .  MEMBER  -----   U_CHAR  000025H     1
  TDRH . . . . . . . . . . . . . . . .  MEMBER  -----   U_CHAR  000026H     1
  TDRL . . . . . . . . . . . . . . . .  MEMBER  -----   U_CHAR  000027H     1
  HTRH . . . . . . . . . . . . . . . .  MEMBER  -----   U_CHAR  000028H     1
  HTRL . . . . . . . . . . . . . . . .  MEMBER  -----   U_CHAR  000029H     1
  LTRH . . . . . . . . . . . . . . . .  MEMBER  -----   U_CHAR  00002AH     1
  LTRL . . . . . . . . . . . . . . . .  MEMBER  -----   U_CHAR  00002BH     1
  AWSRH. . . . . . . . . . . . . . . .  MEMBER  -----   U_CHAR  00002CH     1
  AWSRL. . . . . . . . . . . . . . . .  MEMBER  -----   U_CHAR  00002DH     1
  AWCRH. . . . . . . . . . . . . . . .  MEMBER  -----   U_CHAR  00002EH     1
  AWCRL. . . . . . . . . . . . . . . .  MEMBER  -----   U_CHAR  00002FH     1
AWU_struct . . . . . . . . . . . . . . * TAG *  ----- STRUCT  -------     3
  CSR. . . . . . . . . . . . . . . . .  MEMBER  -----   U_CHAR  000000H     1
  APR. . . . . . . . . . . . . . . . .  MEMBER  -----   U_CHAR  000001H     1
  TBR. . . . . . . . . . . . . . . . .  MEMBER  -----   U_CHAR  000002H     1
BEEP_struct. . . . . . . . . . . . . . * TAG *  ----- STRUCT  -------     1
  CSR. . . . . . . . . . . . . . . . .  MEMBER  -----   U_CHAR  000000H     1
CLK_struct . . . . . . . . . . . . . . * TAG *  ----- STRUCT  -------    14
  ICKR . . . . . . . . . . . . . . . .  MEMBER  -----   U_CHAR  000000H     1
  ECKR . . . . . . . . . . . . . . . .  MEMBER  -----   U_CHAR  000001H     1
  RESERVED . . . . . . . . . . . . . .  MEMBER  -----   U_CHAR  000002H     1
  CMSR . . . . . . . . . . . . . . . .  MEMBER  -----   U_CHAR  000003H     1
  SWR. . . . . . . . . . . . . . . . .  MEMBER  -----   U_CHAR  000004H     1
  SWCR . . . . . . . . . . . . . . . .  MEMBER  -----   U_CHAR  000005H     1
  CKDIVR . . . . . . . . . . . . . . .  MEMBER  -----   U_CHAR  000006H     1
  PCKENR1. . . . . . . . . . . . . . .  MEMBER  -----   U_CHAR  000007H     1
  CSSR . . . . . . . . . . . . . . . .  MEMBER  -----   U_CHAR  000008H     1
  CCOR . . . . . . . . . . . . . . . .  MEMBER  -----   U_CHAR  000009H     1
  PCKENR2. . . . . . . . . . . . . . .  MEMBER  -----   U_CHAR  00000AH     1
  CANCCR . . . . . . . . . . . . . . .  MEMBER  -----   U_CHAR  00000BH     1
  HSITRIMR . . . . . . . . . . . . . .  MEMBER  -----   U_CHAR  00000CH     1
  SWIMCCR. . . . . . . . . . . . . . .  MEMBER  -----   U_CHAR  00000DH     1
TIM1_struct. . . . . . . . . . . . . . * TAG *  ----- STRUCT  -------    32
  CR1. . . . . . . . . . . . . . . . .  MEMBER  -----   U_CHAR  000000H     1
  CR2. . . . . . . . . . . . . . . . .  MEMBER  -----   U_CHAR  000001H     1
  SMCR . . . . . . . . . . . . . . . .  MEMBER  -----   U_CHAR  000002H     1
  ETR. . . . . . . . . . . . . . . . .  MEMBER  -----   U_CHAR  000003H     1
  IER. . . . . . . . . . . . . . . . .  MEMBER  -----   U_CHAR  000004H     1
  SR1. . . . . . . . . . . . . . . . .  MEMBER  -----   U_CHAR  000005H     1
  SR2. . . . . . . . . . . . . . . . .  MEMBER  -----   U_CHAR  000006H     1
  EGR. . . . . . . . . . . . . . . . .  MEMBER  -----   U_CHAR  000007H     1
  CCMR1. . . . . . . . . . . . . . . .  MEMBER  -----   U_CHAR  000008H     1
  CCMR2. . . . . . . . . . . . . . . .  MEMBER  -----   U_CHAR  000009H     1
  CCMR3. . . . . . . . . . . . . . . .  MEMBER  -----   U_CHAR  00000AH     1
  CCMR4. . . . . . . . . . . . . . . .  MEMBER  -----   U_CHAR  00000BH     1
  CCER1. . . . . . . . . . . . . . . .  MEMBER  -----   U_CHAR  00000CH     1
  CCER2. . . . . . . . . . . . . . . .  MEMBER  -----   U_CHAR  00000DH     1
  CNTRH. . . . . . . . . . . . . . . .  MEMBER  -----   U_CHAR  00000EH     1
  CNTRL. . . . . . . . . . . . . . . .  MEMBER  -----   U_CHAR  00000FH     1
  PSCRH. . . . . . . . . . . . . . . .  MEMBER  -----   U_CHAR  000010H     1
  PSCRL. . . . . . . . . . . . . . . .  MEMBER  -----   U_CHAR  000011H     1
  ARRH . . . . . . . . . . . . . . . .  MEMBER  -----   U_CHAR  000012H     1
  ARRL . . . . . . . . . . . . . . . .  MEMBER  -----   U_CHAR  000013H     1
  RCR. . . . . . . . . . . . . . . . .  MEMBER  -----   U_CHAR  000014H     1
  CCR1H. . . . . . . . . . . . . . . .  MEMBER  -----   U_CHAR  000015H     1
  CCR1L. . . . . . . . . . . . . . . .  MEMBER  -----   U_CHAR  000016H     1
  CCR2H. . . . . . . . . . . . . . . .  MEMBER  -----   U_CHAR  000017H     1
  CCR2L. . . . . . . . . . . . . . . .  MEMBER  -----   U_CHAR  000018H     1
  CCR3H. . . . . . . . . . . . . . . .  MEMBER  -----   U_CHAR  000019H     1
  CCR3L. . . . . . . . . . . . . . . .  MEMBER  -----   U_CHAR  00001AH     1
  CCR4H. . . . . . . . . . . . . . . .  MEMBER  -----   U_CHAR  00001BH     1
  CCR4L. . . . . . . . . . . . . . . .  MEMBER  -----   U_CHAR  00001CH     1
  BKR. . . . . . . . . . . . . . . . .  MEMBER  -----   U_CHAR  00001DH     1
  DTR. . . . . . . . . . . . . . . . .  MEMBER  -----   U_CHAR  00001EH     1
  OISR . . . . . . . . . . . . . . . .  MEMBER  -----   U_CHAR  00001FH     1
TIM2_struct. . . . . . . . . . . . . . * TAG *  ----- STRUCT  -------    21
  CR1. . . . . . . . . . . . . . . . .  MEMBER  -----   U_CHAR  000000H     1
  IER. . . . . . . . . . . . . . . . .  MEMBER  -----   U_CHAR  000001H     1
  SR1. . . . . . . . . . . . . . . . .  MEMBER  -----   U_CHAR  000002H     1
  SR2. . . . . . . . . . . . . . . . .  MEMBER  -----   U_CHAR  000003H     1
  EGR. . . . . . . . . . . . . . . . .  MEMBER  -----   U_CHAR  000004H     1
  CCMR1. . . . . . . . . . . . . . . .  MEMBER  -----   U_CHAR  000005H     1
  CCMR2. . . . . . . . . . . . . . . .  MEMBER  -----   U_CHAR  000006H     1
  CCMR3. . . . . . . . . . . . . . . .  MEMBER  -----   U_CHAR  000007H     1
  CCER1. . . . . . . . . . . . . . . .  MEMBER  -----   U_CHAR  000008H     1
  CCER2. . . . . . . . . . . . . . . .  MEMBER  -----   U_CHAR  000009H     1
  CNTRH. . . . . . . . . . . . . . . .  MEMBER  -----   U_CHAR  00000AH     1
  CNTRL. . . . . . . . . . . . . . . .  MEMBER  -----   U_CHAR  00000BH     1
  PSCR . . . . . . . . . . . . . . . .  MEMBER  -----   U_CHAR  00000CH     1
  ARRH . . . . . . . . . . . . . . . .  MEMBER  -----   U_CHAR  00000DH     1
  ARRL . . . . . . . . . . . . . . . .  MEMBER  -----   U_CHAR  00000EH     1
  CCR1H. . . . . . . . . . . . . . . .  MEMBER  -----   U_CHAR  00000FH     1
  CCR1L. . . . . . . . . . . . . . . .  MEMBER  -----   U_CHAR  000010H     1
  CCR2H. . . . . . . . . . . . . . . .  MEMBER  -----   U_CHAR  000011H     1
  CCR2L. . . . . . . . . . . . . . . .  MEMBER  -----   U_CHAR  000012H     1
  CCR3H. . . . . . . . . . . . . . . .  MEMBER  -----   U_CHAR  000013H     1
  CCR3L. . . . . . . . . . . . . . . .  MEMBER  -----   U_CHAR  000014H     1
TIM3_struct. . . . . . . . . . . . . . * TAG *  ----- STRUCT  -------    17
  CR1. . . . . . . . . . . . . . . . .  MEMBER  -----   U_CHAR  000000H     1
  IER. . . . . . . . . . . . . . . . .  MEMBER  -----   U_CHAR  000001H     1
  SR1. . . . . . . . . . . . . . . . .  MEMBER  -----   U_CHAR  000002H     1
  SR2. . . . . . . . . . . . . . . . .  MEMBER  -----   U_CHAR  000003H     1
  EGR. . . . . . . . . . . . . . . . .  MEMBER  -----   U_CHAR  000004H     1
  CCMR1. . . . . . . . . . . . . . . .  MEMBER  -----   U_CHAR  000005H     1
  CCMR2. . . . . . . . . . . . . . . .  MEMBER  -----   U_CHAR  000006H     1
  CCER1. . . . . . . . . . . . . . . .  MEMBER  -----   U_CHAR  000007H     1
  CNTRH. . . . . . . . . . . . . . . .  MEMBER  -----   U_CHAR  000008H     1
  CNTRL. . . . . . . . . . . . . . . .  MEMBER  -----   U_CHAR  000009H     1
  PSCR . . . . . . . . . . . . . . . .  MEMBER  -----   U_CHAR  00000AH     1
  ARRH . . . . . . . . . . . . . . . .  MEMBER  -----   U_CHAR  00000BH     1
  ARRL . . . . . . . . . . . . . . . .  MEMBER  -----   U_CHAR  00000CH     1
  CCR1H. . . . . . . . . . . . . . . .  MEMBER  -----   U_CHAR  00000DH     1
  CCR1L. . . . . . . . . . . . . . . .  MEMBER  -----   U_CHAR  00000EH     1
  CCR2H. . . . . . . . . . . . . . . .  MEMBER  -----   U_CHAR  00000FH     1
  CCR2L. . . . . . . . . . . . . . . .  MEMBER  -----   U_CHAR  000010H     1
TIM4_struct. . . . . . . . . . . . . . * TAG *  ----- STRUCT  -------     7
  CR1. . . . . . . . . . . . . . . . .  MEMBER  -----   U_CHAR  000000H     1
  IER. . . . . . . . . . . . . . . . .  MEMBER  -----   U_CHAR  000001H     1
  SR1. . . . . . . . . . . . . . . . .  MEMBER  -----   U_CHAR  000002H     1
  EGR. . . . . . . . . . . . . . . . .  MEMBER  -----   U_CHAR  000003H     1
  CNTR . . . . . . . . . . . . . . . .  MEMBER  -----   U_CHAR  000004H     1
  PSCR . . . . . . . . . . . . . . . .  MEMBER  -----   U_CHAR  000005H     1
  ARR. . . . . . . . . . . . . . . . .  MEMBER  -----   U_CHAR  000006H     1
TIM5_struct. . . . . . . . . . . . . . * TAG *  ----- STRUCT  -------    23
  CR1. . . . . . . . . . . . . . . . .  MEMBER  -----   U_CHAR  000000H     1
  CR2. . . . . . . . . . . . . . . . .  MEMBER  -----   U_CHAR  000001H     1
  SMCR . . . . . . . . . . . . . . . .  MEMBER  -----   U_CHAR  000002H     1
  IER. . . . . . . . . . . . . . . . .  MEMBER  -----   U_CHAR  000003H     1
  SR1. . . . . . . . . . . . . . . . .  MEMBER  -----   U_CHAR  000004H     1
  SR2. . . . . . . . . . . . . . . . .  MEMBER  -----   U_CHAR  000005H     1
  EGR. . . . . . . . . . . . . . . . .  MEMBER  -----   U_CHAR  000006H     1
  CCMR1. . . . . . . . . . . . . . . .  MEMBER  -----   U_CHAR  000007H     1
  CCMR2. . . . . . . . . . . . . . . .  MEMBER  -----   U_CHAR  000008H     1
  CCMR3. . . . . . . . . . . . . . . .  MEMBER  -----   U_CHAR  000009H     1
  CCER1. . . . . . . . . . . . . . . .  MEMBER  -----   U_CHAR  00000AH     1
  CCER2. . . . . . . . . . . . . . . .  MEMBER  -----   U_CHAR  00000BH     1
  CNTRH. . . . . . . . . . . . . . . .  MEMBER  -----   U_CHAR  00000CH     1
  CNTRL. . . . . . . . . . . . . . . .  MEMBER  -----   U_CHAR  00000DH     1
  PSCR . . . . . . . . . . . . . . . .  MEMBER  -----   U_CHAR  00000EH     1
  ARRH . . . . . . . . . . . . . . . .  MEMBER  -----   U_CHAR  00000FH     1
  ARRL . . . . . . . . . . . . . . . .  MEMBER  -----   U_CHAR  000010H     1
  CCR1H. . . . . . . . . . . . . . . .  MEMBER  -----   U_CHAR  000011H     1
  CCR1L. . . . . . . . . . . . . . . .  MEMBER  -----   U_CHAR  000012H     1
  CCR2H. . . . . . . . . . . . . . . .  MEMBER  -----   U_CHAR  000013H     1
  CCR2L. . . . . . . . . . . . . . . .  MEMBER  -----   U_CHAR  000014H     1
  CCR3H. . . . . . . . . . . . . . . .  MEMBER  -----   U_CHAR  000015H     1
  CCR3L. . . . . . . . . . . . . . . .  MEMBER  -----   U_CHAR  000016H     1
TIM6_struct. . . . . . . . . . . . . . * TAG *  ----- STRUCT  -------     9
  CR1. . . . . . . . . . . . . . . . .  MEMBER  -----   U_CHAR  000000H     1
  CR2. . . . . . . . . . . . . . . . .  MEMBER  -----   U_CHAR  000001H     1
  SMCR . . . . . . . . . . . . . . . .  MEMBER  -----   U_CHAR  000002H     1
  IER. . . . . . . . . . . . . . . . .  MEMBER  -----   U_CHAR  000003H     1
  SR1. . . . . . . . . . . . . . . . .  MEMBER  -----   U_CHAR  000004H     1
  EGR. . . . . . . . . . . . . . . . .  MEMBER  -----   U_CHAR  000005H     1
  CNTR . . . . . . . . . . . . . . . .  MEMBER  -----   U_CHAR  000006H     1
  PSCR . . . . . . . . . . . . . . . .  MEMBER  -----   U_CHAR  000007H     1
  ARR. . . . . . . . . . . . . . . . .  MEMBER  -----   U_CHAR  000008H     1
I2C_struct . . . . . . . . . . . . . . * TAG *  ----- STRUCT  -------    15
  CR1. . . . . . . . . . . . . . . . .  MEMBER  -----   U_CHAR  000000H     1
  CR2. . . . . . . . . . . . . . . . .  MEMBER  -----   U_CHAR  000001H     1
  FREQR. . . . . . . . . . . . . . . .  MEMBER  -----   U_CHAR  000002H     1
  OARL . . . . . . . . . . . . . . . .  MEMBER  -----   U_CHAR  000003H     1
  OARH . . . . . . . . . . . . . . . .  MEMBER  -----   U_CHAR  000004H     1
  RESERVED1. . . . . . . . . . . . . .  MEMBER  -----   U_CHAR  000005H     1
  DR . . . . . . . . . . . . . . . . .  MEMBER  -----   U_CHAR  000006H     1
  SR1. . . . . . . . . . . . . . . . .  MEMBER  -----   U_CHAR  000007H     1
  SR2. . . . . . . . . . . . . . . . .  MEMBER  -----   U_CHAR  000008H     1
  SR3. . . . . . . . . . . . . . . . .  MEMBER  -----   U_CHAR  000009H     1
  ITR. . . . . . . . . . . . . . . . .  MEMBER  -----   U_CHAR  00000AH     1
  CCRL . . . . . . . . . . . . . . . .  MEMBER  -----   U_CHAR  00000BH     1
  CCRH . . . . . . . . . . . . . . . .  MEMBER  -----   U_CHAR  00000CH     1
  TRISER . . . . . . . . . . . . . . .  MEMBER  -----   U_CHAR  00000DH     1
  RESERVED2. . . . . . . . . . . . . .  MEMBER  -----   U_CHAR  00000EH     1
ITC_struct . . . . . . . . . . . . . . * TAG *  ----- STRUCT  -------     8
  ISPR1. . . . . . . . . . . . . . . .  MEMBER  -----   U_CHAR  000000H     1
  ISPR2. . . . . . . . . . . . . . . .  MEMBER  -----   U_CHAR  000001H     1
  ISPR3. . . . . . . . . . . . . . . .  MEMBER  -----   U_CHAR  000002H     1
  ISPR4. . . . . . . . . . . . . . . .  MEMBER  -----   U_CHAR  000003H     1
  ISPR5. . . . . . . . . . . . . . . .  MEMBER  -----   U_CHAR  000004H     1
  ISPR6. . . . . . . . . . . . . . . .  MEMBER  -----   U_CHAR  000005H     1
  ISPR7. . . . . . . . . . . . . . . .  MEMBER  -----   U_CHAR  000006H     1
  ISPR8. . . . . . . . . . . . . . . .  MEMBER  -----   U_CHAR  000007H     1
EXTI_struct. . . . . . . . . . . . . . * TAG *  ----- STRUCT  -------     2
  CR1. . . . . . . . . . . . . . . . .  MEMBER  -----   U_CHAR  000000H     1
  CR2. . . . . . . . . . . . . . . . .  MEMBER  -----   U_CHAR  000001H     1
FLASH_struct . . . . . . . . . . . . . * TAG *  ----- STRUCT  -------    11
  CR1. . . . . . . . . . . . . . . . .  MEMBER  -----   U_CHAR  000000H     1
  CR2. . . . . . . . . . . . . . . . .  MEMBER  -----   U_CHAR  000001H     1
  NCR2 . . . . . . . . . . . . . . . .  MEMBER  -----   U_CHAR  000002H     1
  FPR. . . . . . . . . . . . . . . . .  MEMBER  -----   U_CHAR  000003H     1
  NFPR . . . . . . . . . . . . . . . .  MEMBER  -----   U_CHAR  000004H     1
  IAPSR. . . . . . . . . . . . . . . .  MEMBER  -----   U_CHAR  000005H     1
  RESERVED1. . . . . . . . . . . . . .  MEMBER  -----   U_CHAR  000006H     1
  RESERVED2. . . . . . . . . . . . . .  MEMBER  -----   U_CHAR  000007H     1
  PUKR . . . . . . . . . . . . . . . .  MEMBER  -----   U_CHAR  000008H     1
  RESERVED3. . . . . . . . . . . . . .  MEMBER  -----   U_CHAR  000009H     1
  DUKR . . . . . . . . . . . . . . . .  MEMBER  -----   U_CHAR  00000AH     1
OPT_struct . . . . . . . . . . . . . . * TAG *  ----- STRUCT  -------    15
  OPT0 . . . . . . . . . . . . . . . .  MEMBER  -----   U_CHAR  000000H     1
  OPT1 . . . . . . . . . . . . . . . .  MEMBER  -----   U_CHAR  000001H     1
  NOPT1. . . . . . . . . . . . . . . .  MEMBER  -----   U_CHAR  000002H     1
  OPT2 . . . . . . . . . . . . . . . .  MEMBER  -----   U_CHAR  000003H     1
  NOPT2. . . . . . . . . . . . . . . .  MEMBER  -----   U_CHAR  000004H     1
  OPT3 . . . . . . . . . . . . . . . .  MEMBER  -----   U_CHAR  000005H     1
  NOPT3. . . . . . . . . . . . . . . .  MEMBER  -----   U_CHAR  000006H     1
  OPT4 . . . . . . . . . . . . . . . .  MEMBER  -----   U_CHAR  000007H     1
  NOPT4. . . . . . . . . . . . . . . .  MEMBER  -----   U_CHAR  000008H     1
  OPT5 . . . . . . . . . . . . . . . .  MEMBER  -----   U_CHAR  000009H     1
  NOPT5. . . . . . . . . . . . . . . .  MEMBER  -----   U_CHAR  00000AH     1
  RESERVED1. . . . . . . . . . . . . .  MEMBER  -----   U_CHAR  00000BH     1
  RESERVED2. . . . . . . . . . . . . .  MEMBER  -----   U_CHAR  00000CH     1
  OPT7 . . . . . . . . . . . . . . . .  MEMBER  -----   U_CHAR  00000DH     1
  NOPT7. . . . . . . . . . . . . . . .  MEMBER  -----   U_CHAR  00000EH     1
IWDG_struct. . . . . . . . . . . . . . * TAG *  ----- STRUCT  -------     3
  KR . . . . . . . . . . . . . . . . .  MEMBER  -----   U_CHAR  000000H     1
  PR . . . . . . . . . . . . . . . . .  MEMBER  -----   U_CHAR  000001H     1
  RLR. . . . . . . . . . . . . . . . .  MEMBER  -----   U_CHAR  000002H     1
WWDG_struct. . . . . . . . . . . . . . * TAG *  ----- STRUCT  -------     2
  CR . . . . . . . . . . . . . . . . .  MEMBER  -----   U_CHAR  000000H     1
  WR . . . . . . . . . . . . . . . . .  MEMBER  -----   U_CHAR  000001H     1
RST_struct . . . . . . . . . . . . . . * TAG *  ----- STRUCT  -------     1
  SR . . . . . . . . . . . . . . . . .  MEMBER  -----   U_CHAR  000000H     1
SPI_struct . . . . . . . . . . . . . . * TAG *  ----- STRUCT  -------     8
  CR1. . . . . . . . . . . . . . . . .  MEMBER  -----   U_CHAR  000000H     1
  CR2. . . . . . . . . . . . . . . . .  MEMBER  -----   U_CHAR  000001H     1
  ICR. . . . . . . . . . . . . . . . .  MEMBER  -----   U_CHAR  000002H     1
  SR . . . . . . . . . . . . . . . . .  MEMBER  -----   U_CHAR  000003H     1
  DR . . . . . . . . . . . . . . . . .  MEMBER  -----   U_CHAR  000004H     1
  CRCPR. . . . . . . . . . . . . . . .  MEMBER  -----   U_CHAR  000005H     1
  RXCRCR . . . . . . . . . . . . . . .  MEMBER  -----   U_CHAR  000006H     1
  TXCRCR . . . . . . . . . . . . . . .  MEMBER  -----   U_CHAR  000007H     1
SWIM_struct. . . . . . . . . . . . . . * TAG *  ----- STRUCT  -------     2
  CSR. . . . . . . . . . . . . . . . .  MEMBER  -----   U_CHAR  000000H     1
  DR . . . . . . . . . . . . . . . . .  MEMBER  -----   U_CHAR  000001H     1
UART1_struct . . . . . . . . . . . . . * TAG *  ----- STRUCT  -------    11
  SR . . . . . . . . . . . . . . . . .  MEMBER  -----   U_CHAR  000000H     1
  DR . . . . . . . . . . . . . . . . .  MEMBER  -----   U_CHAR  000001H     1
  BRR1 . . . . . . . . . . . . . . . .  MEMBER  -----   U_CHAR  000002H     1
  BRR2 . . . . . . . . . . . . . . . .  MEMBER  -----   U_CHAR  000003H     1
  CR1. . . . . . . . . . . . . . . . .  MEMBER  -----   U_CHAR  000004H     1
  CR2. . . . . . . . . . . . . . . . .  MEMBER  -----   U_CHAR  000005H     1
  CR3. . . . . . . . . . . . . . . . .  MEMBER  -----   U_CHAR  000006H     1
  CR4. . . . . . . . . . . . . . . . .  MEMBER  -----   U_CHAR  000007H     1
  CR5. . . . . . . . . . . . . . . . .  MEMBER  -----   U_CHAR  000008H     1
  GTR. . . . . . . . . . . . . . . . .  MEMBER  -----   U_CHAR  000009H     1
  PSCR . . . . . . . . . . . . . . . .  MEMBER  -----   U_CHAR  00000AH     1
UART2_struct . . . . . . . . . . . . . * TAG *  ----- STRUCT  -------    12
  SR . . . . . . . . . . . . . . . . .  MEMBER  -----   U_CHAR  000000H     1
  DR . . . . . . . . . . . . . . . . .  MEMBER  -----   U_CHAR  000001H     1
  BRR1 . . . . . . . . . . . . . . . .  MEMBER  -----   U_CHAR  000002H     1
  BRR2 . . . . . . . . . . . . . . . .  MEMBER  -----   U_CHAR  000003H     1
  CR1. . . . . . . . . . . . . . . . .  MEMBER  -----   U_CHAR  000004H     1
  CR2. . . . . . . . . . . . . . . . .  MEMBER  -----   U_CHAR  000005H     1
  CR3. . . . . . . . . . . . . . . . .  MEMBER  -----   U_CHAR  000006H     1
  CR4. . . . . . . . . . . . . . . . .  MEMBER  -----   U_CHAR  000007H     1
  CR5. . . . . . . . . . . . . . . . .  MEMBER  -----   U_CHAR  000008H     1
  CR6. . . . . . . . . . . . . . . . .  MEMBER  -----   U_CHAR  000009H     1
  GTR. . . . . . . . . . . . . . . . .  MEMBER  -----   U_CHAR  00000AH     1
  PSCR . . . . . . . . . . . . . . . .  MEMBER  -----   U_CHAR  00000BH     1
UART3_struct . . . . . . . . . . . . . * TAG *  ----- STRUCT  -------    10
  SR . . . . . . . . . . . . . . . . .  MEMBER  -----   U_CHAR  000000H     1
  DR . . . . . . . . . . . . . . . . .  MEMBER  -----   U_CHAR  000001H     1
  BRR1 . . . . . . . . . . . . . . . .  MEMBER  -----   U_CHAR  000002H     1
  BRR2 . . . . . . . . . . . . . . . .  MEMBER  -----   U_CHAR  000003H     1
  CR1. . . . . . . . . . . . . . . . .  MEMBER  -----   U_CHAR  000004H     1
  CR2. . . . . . . . . . . . . . . . .  MEMBER  -----   U_CHAR  000005H     1
  CR3. . . . . . . . . . . . . . . . .  MEMBER  -----   U_CHAR  000006H     1
  CR4. . . . . . . . . . . . . . . . .  MEMBER  -----   U_CHAR  000007H     1
  RESERVED . . . . . . . . . . . . . .  MEMBER  -----   U_CHAR  000008H     1
  CR6. . . . . . . . . . . . . . . . .  MEMBER  -----   U_CHAR  000009H     1
CFG_struct . . . . . . . . . . . . . . * TAG *  ----- STRUCT  -------     1
  GCR. . . . . . . . . . . . . . . . .  MEMBER  -----   U_CHAR  000000H     1
CLK_SWITCHMODE_MANUAL. . . . . . . . . E_CONST  ----- INT      -------  2
CLK_SWITCHMODE_AUTO. . . . . . . . . . E_CONST  ----- INT      -------  2
CLK_CURRENTCLOCKSTATE_DISABLE. . . . . E_CONST  ----- INT      -------  2
CLK_CURRENTCLOCKSTATE_ENABLE . . . . . E_CONST  ----- INT      -------  2
CLK_CSSCONFIG_ENABLEWITHIT . . . . . . E_CONST  ----- INT      -------  2
CLK_CSSCONFIG_ENABLE . . . . . . . . . E_CONST  ----- INT      -------  2
CLK_CSSCONFIG_DISABLE. . . . . . . . . E_CONST  ----- INT      -------  2
CLK_SOURCE_HSI . . . . . . . . . . . . E_CONST  ----- INT      -------  2
CLK_SOURCE_LSI . . . . . . . . . . . . E_CONST  ----- INT      -------  2
CLK_SOURCE_HSE . . . . . . . . . . . . E_CONST  ----- INT      -------  2
CLK_HSITRIMVALUE_0 . . . . . . . . . . E_CONST  ----- INT      -------  2
CLK_HSITRIMVALUE_1 . . . . . . . . . . E_CONST  ----- INT      -------  2
CLK_HSITRIMVALUE_2 . . . . . . . . . . E_CONST  ----- INT      -------  2
CLK_HSITRIMVALUE_3 . . . . . . . . . . E_CONST  ----- INT      -------  2
CLK_HSITRIMVALUE_4 . . . . . . . . . . E_CONST  ----- INT      -------  2
CLK_HSITRIMVALUE_5 . . . . . . . . . . E_CONST  ----- INT      -------  2
CLK_HSITRIMVALUE_6 . . . . . . . . . . E_CONST  ----- INT      -------  2
CLK_HSITRIMVALUE_7 . . . . . . . . . . E_CONST  ----- INT      -------  2
CLK_OUTPUT_HSI . . . . . . . . . . . . E_CONST  ----- INT      -------  2
CLK_OUTPUT_LSI . . . . . . . . . . . . E_CONST  ----- INT      -------  2
CLK_OUTPUT_HSE . . . . . . . . . . . . E_CONST  ----- INT      -------  2
CLK_OUTPUT_CPU . . . . . . . . . . . . E_CONST  ----- INT      -------  2
CLK_OUTPUT_CPUDIV2 . . . . . . . . . . E_CONST  ----- INT      -------  2
CLK_OUTPUT_CPUDIV4 . . . . . . . . . . E_CONST  ----- INT      -------  2
CLK_OUTPUT_CPUDIV8 . . . . . . . . . . E_CONST  ----- INT      -------  2
CLK_OUTPUT_CPUDIV16. . . . . . . . . . E_CONST  ----- INT      -------  2
CLK_OUTPUT_CPUDIV32. . . . . . . . . . E_CONST  ----- INT      -------  2
CLK_OUTPUT_CPUDIV64. . . . . . . . . . E_CONST  ----- INT      -------  2
CLK_OUTPUT_HSIRC . . . . . . . . . . . E_CONST  ----- INT      -------  2
CLK_OUTPUT_MASTER. . . . . . . . . . . E_CONST  ----- INT      -------  2
CLK_OUTPUT_OTHERS. . . . . . . . . . . E_CONST  ----- INT      -------  2
CLK_PERIPHERAL_I2C . . . . . . . . . . E_CONST  ----- INT      -------  2
CLK_PERIPHERAL_SPI . . . . . . . . . . E_CONST  ----- INT      -------  2
CLK_PERIPHERAL_UART1 . . . . . . . . . E_CONST  ----- INT      -------  2
CLK_PERIPHERAL_UART2 . . . . . . . . . E_CONST  ----- INT      -------  2
CLK_PERIPHERAL_UART3 . . . . . . . . . E_CONST  ----- INT      -------  2
CLK_PERIPHERAL_TIMER6. . . . . . . . . E_CONST  ----- INT      -------  2
CLK_PERIPHERAL_TIMER4. . . . . . . . . E_CONST  ----- INT      -------  2
CLK_PERIPHERAL_TIMER5. . . . . . . . . E_CONST  ----- INT      -------  2
CLK_PERIPHERAL_TIMER2. . . . . . . . . E_CONST  ----- INT      -------  2
CLK_PERIPHERAL_TIMER3. . . . . . . . . E_CONST  ----- INT      -------  2
CLK_PERIPHERAL_TIMER1. . . . . . . . . E_CONST  ----- INT      -------  2
CLK_PERIPHERAL_AWU . . . . . . . . . . E_CONST  ----- INT      -------  2
CLK_PERIPHERAL_ADC . . . . . . . . . . E_CONST  ----- INT      -------  2
CLK_PERIPHERAL_CAN . . . . . . . . . . E_CONST  ----- INT      -------  2
CLK_FLAG_LSIRDY. . . . . . . . . . . . E_CONST  ----- INT      -------  2
CLK_FLAG_HSIRDY. . . . . . . . . . . . E_CONST  ----- INT      -------  2
CLK_FLAG_HSERDY. . . . . . . . . . . . E_CONST  ----- INT      -------  2
CLK_FLAG_SWIF. . . . . . . . . . . . . E_CONST  ----- INT      -------  2
CLK_FLAG_SWBSY . . . . . . . . . . . . E_CONST  ----- INT      -------  2
CLK_FLAG_CSSD. . . . . . . . . . . . . E_CONST  ----- INT      -------  2
CLK_FLAG_AUX . . . . . . . . . . . . . E_CONST  ----- INT      -------  2
CLK_FLAG_CCOBSY. . . . . . . . . . . . E_CONST  ----- INT      -------  2
CLK_FLAG_CCORDY. . . . . . . . . . . . E_CONST  ----- INT      -------  2
CLK_IT_CSSD. . . . . . . . . . . . . . E_CONST  ----- INT      -------  2
CLK_IT_SWIF. . . . . . . . . . . . . . E_CONST  ----- INT      -------  2
CLK_PRESCALER_HSIDIV1. . . . . . . . . E_CONST  ----- INT      -------  2
CLK_PRESCALER_HSIDIV2. . . . . . . . . E_CONST  ----- INT      -------  2
CLK_PRESCALER_HSIDIV4. . . . . . . . . E_CONST  ----- INT      -------  2
CLK_PRESCALER_HSIDIV8. . . . . . . . . E_CONST  ----- INT      -------  2
CLK_PRESCALER_CPUDIV1. . . . . . . . . E_CONST  ----- INT      -------  2
CLK_PRESCALER_CPUDIV2. . . . . . . . . E_CONST  ----- INT      -------  2
CLK_PRESCALER_CPUDIV4. . . . . . . . . E_CONST  ----- INT      -------  2
CLK_PRESCALER_CPUDIV8. . . . . . . . . E_CONST  ----- INT      -------  2
CLK_PRESCALER_CPUDIV16 . . . . . . . . E_CONST  ----- INT      -------  2
CLK_PRESCALER_CPUDIV32 . . . . . . . . E_CONST  ----- INT      -------  2
CLK_PRESCALER_CPUDIV64 . . . . . . . . E_CONST  ----- INT      -------  2
CLK_PRESCALER_CPUDIV128. . . . . . . . E_CONST  ----- INT      -------  2
CLK_SWIMDIVIDER_2. . . . . . . . . . . E_CONST  ----- INT      -------  2
CLK_SWIMDIVIDER_OTHER. . . . . . . . . E_CONST  ----- INT      -------  2
CLK_CANDIVIDER_1 . . . . . . . . . . . E_CONST  ----- INT      -------  2
CLK_CANDIVIDER_2 . . . . . . . . . . . E_CONST  ----- INT      -------  2
CLK_CANDIVIDER_3 . . . . . . . . . . . E_CONST  ----- INT      -------  2
CLK_CANDIVIDER_4 . . . . . . . . . . . E_CONST  ----- INT      -------  2
CLK_CANDIVIDER_5 . . . . . . . . . . . E_CONST  ----- INT      -------  2
CLK_CANDIVIDER_6 . . . . . . . . . . . E_CONST  ----- INT      -------  2
CLK_CANDIVIDER_7 . . . . . . . . . . . E_CONST  ----- INT      -------  2
CLK_CANDIVIDER_8 . . . . . . . . . . . E_CONST  ----- INT      -------  2
GPIO_MODE_IN_FL_NO_IT. . . . . . . . . E_CONST  ----- INT      -------  2
GPIO_MODE_IN_PU_NO_IT. . . . . . . . . E_CONST  ----- INT      -------  2
GPIO_MODE_IN_FL_IT . . . . . . . . . . E_CONST  ----- INT      -------  2
GPIO_MODE_IN_PU_IT . . . . . . . . . . E_CONST  ----- INT      -------  2
GPIO_MODE_OUT_OD_LOW_FAST. . . . . . . E_CONST  ----- INT      -------  2
GPIO_MODE_OUT_PP_LOW_FAST. . . . . . . E_CONST  ----- INT      -------  2
GPIO_MODE_OUT_OD_LOW_SLOW. . . . . . . E_CONST  ----- INT      -------  2
GPIO_MODE_OUT_PP_LOW_SLOW. . . . . . . E_CONST  ----- INT      -------  2
GPIO_MODE_OUT_OD_HIZ_FAST. . . . . . . E_CONST  ----- INT      -------  2
GPIO_MODE_OUT_PP_HIGH_FAST . . . . . . E_CONST  ----- INT      -------  2
GPIO_MODE_OUT_OD_HIZ_SLOW. . . . . . . E_CONST  ----- INT      -------  2
GPIO_MODE_OUT_PP_HIGH_SLOW . . . . . . E_CONST  ----- INT      -------  2
GPIO_PIN_0 . . . . . . . . . . . . . . E_CONST  ----- INT      -------  2
GPIO_PIN_1 . . . . . . . . . . . . . . E_CONST  ----- INT      -------  2
GPIO_PIN_2 . . . . . . . . . . . . . . E_CONST  ----- INT      -------  2
GPIO_PIN_3 . . . . . . . . . . . . . . E_CONST  ----- INT      -------  2
GPIO_PIN_4 . . . . . . . . . . . . . . E_CONST  ----- INT      -------  2
GPIO_PIN_5 . . . . . . . . . . . . . . E_CONST  ----- INT      -------  2
GPIO_PIN_6 . . . . . . . . . . . . . . E_CONST  ----- INT      -------  2
GPIO_PIN_7 . . . . . . . . . . . . . . E_CONST  ----- INT      -------  2
GPIO_PIN_LNIB. . . . . . . . . . . . . E_CONST  ----- INT      -------  2
GPIO_PIN_HNIB. . . . . . . . . . . . . E_CONST  ----- INT      -------  2
GPIO_PIN_ALL . . . . . . . . . . . . . E_CONST  ----- INT      -------  2
TIM3_FORCEDACTION_ACTIVE . . . . . . . E_CONST  ----- INT      -------  2
TIM3_FORCEDACTION_INACTIVE . . . . . . E_CONST  ----- INT      -------  2
TIM3_PRESCALER_1 . . . . . . . . . . . E_CONST  ----- INT      -------  2
TIM3_PRESCALER_2 . . . . . . . . . . . E_CONST  ----- INT      -------  2
TIM3_PRESCALER_4 . . . . . . . . . . . E_CONST  ----- INT      -------  2
TIM3_PRESCALER_8 . . . . . . . . . . . E_CONST  ----- INT      -------  2
TIM3_PRESCALER_16. . . . . . . . . . . E_CONST  ----- INT      -------  2
TIM3_PRESCALER_32. . . . . . . . . . . E_CONST  ----- INT      -------  2
TIM3_PRESCALER_64. . . . . . . . . . . E_CONST  ----- INT      -------  2
TIM3_PRESCALER_128 . . . . . . . . . . E_CONST  ----- INT      -------  2
TIM3_PRESCALER_256 . . . . . . . . . . E_CONST  ----- INT      -------  2
TIM3_PRESCALER_512 . . . . . . . . . . E_CONST  ----- INT      -------  2
TIM3_PRESCALER_1024. . . . . . . . . . E_CONST  ----- INT      -------  2
TIM3_PRESCALER_2048. . . . . . . . . . E_CONST  ----- INT      -------  2
TIM3_PRESCALER_4096. . . . . . . . . . E_CONST  ----- INT      -------  2
TIM3_PRESCALER_8192. . . . . . . . . . E_CONST  ----- INT      -------  2
TIM3_PRESCALER_16384 . . . . . . . . . E_CONST  ----- INT      -------  2
TIM3_PRESCALER_32768 . . . . . . . . . E_CONST  ----- INT      -------  2
TIM3_OCMODE_TIMING . . . . . . . . . . E_CONST  ----- INT      -------  2
TIM3_OCMODE_ACTIVE . . . . . . . . . . E_CONST  ----- INT      -------  2
TIM3_OCMODE_INACTIVE . . . . . . . . . E_CONST  ----- INT      -------  2
TIM3_OCMODE_TOGGLE . . . . . . . . . . E_CONST  ----- INT      -------  2
TIM3_OCMODE_PWM1 . . . . . . . . . . . E_CONST  ----- INT      -------  2
TIM3_OCMODE_PWM2 . . . . . . . . . . . E_CONST  ----- INT      -------  2
TIM3_OPMODE_SINGLE . . . . . . . . . . E_CONST  ----- INT      -------  2
TIM3_OPMODE_REPETITIVE . . . . . . . . E_CONST  ----- INT      -------  2
TIM3_CHANNEL_1 . . . . . . . . . . . . E_CONST  ----- INT      -------  2
TIM3_CHANNEL_2 . . . . . . . . . . . . E_CONST  ----- INT      -------  2
TIM3_OCPOLARITY_HIGH . . . . . . . . . E_CONST  ----- INT      -------  2
TIM3_OCPOLARITY_LOW. . . . . . . . . . E_CONST  ----- INT      -------  2
TIM3_OUTPUTSTATE_DISABLE . . . . . . . E_CONST  ----- INT      -------  2
TIM3_OUTPUTSTATE_ENABLE. . . . . . . . E_CONST  ----- INT      -------  2
TIM3_ICPOLARITY_RISING . . . . . . . . E_CONST  ----- INT      -------  2
TIM3_ICPOLARITY_FALLING. . . . . . . . E_CONST  ----- INT      -------  2
TIM3_ICSELECTION_DIRECTTI. . . . . . . E_CONST  ----- INT      -------  2
TIM3_ICSELECTION_INDIRECTTI. . . . . . E_CONST  ----- INT      -------  2
TIM3_ICSELECTION_TRGI. . . . . . . . . E_CONST  ----- INT      -------  2
TIM3_ICPSC_DIV1. . . . . . . . . . . . E_CONST  ----- INT      -------  2
TIM3_ICPSC_DIV2. . . . . . . . . . . . E_CONST  ----- INT      -------  2
TIM3_ICPSC_DIV4. . . . . . . . . . . . E_CONST  ----- INT      -------  2
TIM3_ICPSC_DIV8. . . . . . . . . . . . E_CONST  ----- INT      -------  2
TIM3_IT_UPDATE . . . . . . . . . . . . E_CONST  ----- INT      -------  2
TIM3_IT_CC1. . . . . . . . . . . . . . E_CONST  ----- INT      -------  2
TIM3_IT_CC2. . . . . . . . . . . . . . E_CONST  ----- INT      -------  2
TIM3_PSCRELOADMODE_UPDATE. . . . . . . E_CONST  ----- INT      -------  2
TIM3_PSCRELOADMODE_IMMEDIATE . . . . . E_CONST  ----- INT      -------  2
TIM3_EVENTSOURCE_UPDATE. . . . . . . . E_CONST  ----- INT      -------  2
TIM3_EVENTSOURCE_CC1 . . . . . . . . . E_CONST  ----- INT      -------  2
TIM3_EVENTSOURCE_CC2 . . . . . . . . . E_CONST  ----- INT      -------  2
TIM3_UPDATESOURCE_GLOBAL . . . . . . . E_CONST  ----- INT      -------  2
TIM3_UPDATESOURCE_REGULAR. . . . . . . E_CONST  ----- INT      -------  2
TIM3_FLAG_UPDATE . . . . . . . . . . . E_CONST  ----- INT      -------  2
TIM3_FLAG_CC1. . . . . . . . . . . . . E_CONST  ----- INT      -------  2
TIM3_FLAG_CC2. . . . . . . . . . . . . E_CONST  ----- INT      -------  2
TIM3_FLAG_CC1OF. . . . . . . . . . . . E_CONST  ----- INT      -------  2
TIM3_FLAG_CC2OF. . . . . . . . . . . . E_CONST  ----- INT      -------  2
UART2_IRDAMODE_NORMAL. . . . . . . . . E_CONST  ----- INT      -------  2
UART2_IRDAMODE_LOWPOWER. . . . . . . . E_CONST  ----- INT      -------  2
UART2_WAKEUP_IDLELINE. . . . . . . . . E_CONST  ----- INT      -------  2
UART2_WAKEUP_ADDRESSMARK . . . . . . . E_CONST  ----- INT      -------  2
UART2_LINBREAKDETECTIONLENGTH_10BITS . E_CONST  ----- INT      -------  2
UART2_LINBREAKDETECTIONLENGTH_11BITS . E_CONST  ----- INT      -------  2
UART2_STOPBITS_1 . . . . . . . . . . . E_CONST  ----- INT      -------  2
UART2_STOPBITS_0_5 . . . . . . . . . . E_CONST  ----- INT      -------  2
UART2_STOPBITS_2 . . . . . . . . . . . E_CONST  ----- INT      -------  2
UART2_STOPBITS_1_5 . . . . . . . . . . E_CONST  ----- INT      -------  2
UART2_PARITY_NO. . . . . . . . . . . . E_CONST  ----- INT      -------  2
UART2_PARITY_EVEN. . . . . . . . . . . E_CONST  ----- INT      -------  2
UART2_PARITY_ODD . . . . . . . . . . . E_CONST  ----- INT      -------  2
UART2_LIN_MODE_MASTER. . . . . . . . . E_CONST  ----- INT      -------  2
UART2_LIN_MODE_SLAVE . . . . . . . . . E_CONST  ----- INT      -------  2
UART2_LIN_AUTOSYNC_DISABLE . . . . . . E_CONST  ----- INT      -------  2
UART2_LIN_AUTOSYNC_ENABLE. . . . . . . E_CONST  ----- INT      -------  2
UART2_LIN_DIVUP_LBRR1. . . . . . . . . E_CONST  ----- INT      -------  2
UART2_LIN_DIVUP_NEXTRXNE . . . . . . . E_CONST  ----- INT      -------  2
UART2_SYNCMODE_CLOCK_DISABLE . . . . . E_CONST  ----- INT      -------  2
UART2_SYNCMODE_CLOCK_ENABLE. . . . . . E_CONST  ----- INT      -------  2
UART2_SYNCMODE_CPOL_LOW. . . . . . . . E_CONST  ----- INT      -------  2
UART2_SYNCMODE_CPOL_HIGH . . . . . . . E_CONST  ----- INT      -------  2
UART2_SYNCMODE_CPHA_MIDDLE . . . . . . E_CONST  ----- INT      -------  2
UART2_SYNCMODE_CPHA_BEGINING . . . . . E_CONST  ----- INT      -------  2
UART2_SYNCMODE_LASTBIT_DISABLE . . . . E_CONST  ----- INT      -------  2
UART2_SYNCMODE_LASTBIT_ENABLE. . . . . E_CONST  ----- INT      -------  2
UART2_WORDLENGTH_8D. . . . . . . . . . E_CONST  ----- INT      -------  2
UART2_WORDLENGTH_9D. . . . . . . . . . E_CONST  ----- INT      -------  2
UART2_MODE_RX_ENABLE . . . . . . . . . E_CONST  ----- INT      -------  2
UART2_MODE_TX_ENABLE . . . . . . . . . E_CONST  ----- INT      -------  2
UART2_MODE_TX_DISABLE. . . . . . . . . E_CONST  ----- INT      -------  2
UART2_MODE_RX_DISABLE. . . . . . . . . E_CONST  ----- INT      -------  2
UART2_MODE_TXRX_ENABLE . . . . . . . . E_CONST  ----- INT      -------  2
UART2_FLAG_TXE . . . . . . . . . . . . E_CONST  ----- INT      -------  2
UART2_FLAG_TC. . . . . . . . . . . . . E_CONST  ----- INT      -------  2
UART2_FLAG_RXNE. . . . . . . . . . . . E_CONST  ----- INT      -------  2
UART2_FLAG_IDLE. . . . . . . . . . . . E_CONST  ----- INT      -------  2
UART2_FLAG_OR_LHE. . . . . . . . . . . E_CONST  ----- INT      -------  2
UART2_FLAG_NF. . . . . . . . . . . . . E_CONST  ----- INT      -------  2
UART2_FLAG_FE. . . . . . . . . . . . . E_CONST  ----- INT      -------  2
UART2_FLAG_PE. . . . . . . . . . . . . E_CONST  ----- INT      -------  2
UART2_FLAG_SBK . . . . . . . . . . . . E_CONST  ----- INT      -------  2
UART2_FLAG_LBDF. . . . . . . . . . . . E_CONST  ----- INT      -------  2
UART2_FLAG_LHDF. . . . . . . . . . . . E_CONST  ----- INT      -------  2
UART2_FLAG_LSF . . . . . . . . . . . . E_CONST  ----- INT      -------  2
UART2_IT_TXE . . . . . . . . . . . . . E_CONST  ----- INT      -------  2
UART2_IT_TC. . . . . . . . . . . . . . E_CONST  ----- INT      -------  2
UART2_IT_RXNE. . . . . . . . . . . . . E_CONST  ----- INT      -------  2
UART2_IT_IDLE. . . . . . . . . . . . . E_CONST  ----- INT      -------  2
UART2_IT_OR. . . . . . . . . . . . . . E_CONST  ----- INT      -------  2
UART2_IT_PE. . . . . . . . . . . . . . E_CONST  ----- INT      -------  2
UART2_IT_LBDF. . . . . . . . . . . . . E_CONST  ----- INT      -------  2
UART2_IT_LHDF. . . . . . . . . . . . . E_CONST  ----- INT      -------  2
UART2_IT_RXNE_OR . . . . . . . . . . . E_CONST  ----- INT      -------  2
BEEP_FREQUENCY_1KHZ. . . . . . . . . . E_CONST  ----- INT      -------  2
BEEP_FREQUENCY_2KHZ. . . . . . . . . . E_CONST  ----- INT      -------  2
BEEP_FREQUENCY_4KHZ. . . . . . . . . . E_CONST  ----- INT      -------  2
BEEP_DeInit. . . . . . . . . . . . . .  PUBLIC  CODE    PROC    ------- -----
BEEP_Init. . . . . . . . . . . . . . .  PUBLIC  CODE    PROC    ------- -----
 BEEP_Frequency?226. . . . . . . . . .  PARAM    auto    ENUM    000000H 2      
BEEP_Cmd . . . . . . . . . . . . . . .  PUBLIC  CODE    PROC    ------- -----
 NewState?227. . . . . . . . . . . . .  PARAM    auto    ENUM    000000H 2      
BEEP_LSICalibrationConfig. . . . . . .  PUBLIC  CODE    PROC    ------- -----
 LSIFreqHz?228 . . . . . . . . . . . .  PARAM    auto     BASE    000006H 4      
  lsifreqkhz?229 . . . . . . . . . . .  PUBLIC  auto    U_INT   000000H 2      
  A?230. . . . . . . . . . . . . . . .  PUBLIC  auto    U_INT   000002H 2      
?BH. . . . . . . . . . . . . . . . . .  EXTERN  page0   U_CHAR  ------- -----
?CH. . . . . . . . . . . . . . . . . .  EXTERN  page0   U_CHAR  ------- -----
RCSTM8 COMPILER V2.26.09.317


MODULE INFORMATION:   STATIC OVERLAYABLE
   CODE SIZE        =    242    ----
   CONSTANT SIZE    =   ----    ----
   DATA SIZE        =   ----    ----
   PAGE0 SIZE       =   ----    ----
   BIT SIZE         =   ----    ----
END OF MODULE INFORMATION.

RCSTM8 COMPILATION COMPLETE.  0 WARNING,  0 ERROR
